mode: set
github.com/sports-dynamics/cricket-fever/internal/validation/mulit_error.go:16.40,18.2 1 1
github.com/sports-dynamics/cricket-fever/internal/validation/mulit_error.go:20.38,22.2 1 1
github.com/sports-dynamics/cricket-fever/internal/validation/mulit_error.go:24.38,26.2 1 1
github.com/sports-dynamics/cricket-fever/internal/validation/mulit_error.go:28.39,30.2 1 1
github.com/sports-dynamics/cricket-fever/internal/validation/mulit_error.go:32.37,34.2 1 1
github.com/sports-dynamics/cricket-fever/internal/validation/mulit_error.go:36.36,38.31 2 1
github.com/sports-dynamics/cricket-fever/internal/validation/mulit_error.go:41.2,43.23 2 1
github.com/sports-dynamics/cricket-fever/internal/validation/mulit_error.go:47.2,47.18 1 1
github.com/sports-dynamics/cricket-fever/internal/validation/mulit_error.go:38.31,40.3 1 1
github.com/sports-dynamics/cricket-fever/internal/validation/mulit_error.go:43.23,45.3 1 1
github.com/sports-dynamics/cricket-fever/internal/validation/app_error.go:32.67,34.2 1 1
github.com/sports-dynamics/cricket-fever/internal/validation/app_error.go:36.44,38.2 1 1
github.com/sports-dynamics/cricket-fever/internal/validation/app_error.go:40.51,42.2 1 1
github.com/sports-dynamics/cricket-fever/internal/validation/app_error.go:44.56,46.2 1 0
github.com/sports-dynamics/cricket-fever/internal/validation/app_error.go:54.42,56.2 1 1
github.com/sports-dynamics/cricket-fever/internal/validation/app_error.go:58.40,60.2 1 1
github.com/sports-dynamics/cricket-fever/internal/validation/app_error.go:62.41,64.2 1 1
github.com/sports-dynamics/cricket-fever/internal/validation/app_error.go:66.39,68.2 1 1
github.com/sports-dynamics/cricket-fever/internal/validation/app_error.go:70.38,72.2 1 1
github.com/sports-dynamics/cricket-fever/internal/middleware/auth.go:18.75,19.46 1 1
github.com/sports-dynamics/cricket-fever/internal/middleware/auth.go:19.46,20.72 1 1
github.com/sports-dynamics/cricket-fever/internal/middleware/auth.go:20.72,22.72 2 1
github.com/sports-dynamics/cricket-fever/internal/middleware/auth.go:28.4,34.103 3 1
github.com/sports-dynamics/cricket-fever/internal/middleware/auth.go:22.72,25.5 2 1
github.com/sports-dynamics/cricket-fever/internal/middleware/auth.go:39.62,40.24 1 1
github.com/sports-dynamics/cricket-fever/internal/middleware/auth.go:43.2,43.31 1 1
github.com/sports-dynamics/cricket-fever/internal/middleware/auth.go:47.2,47.12 1 1
github.com/sports-dynamics/cricket-fever/internal/middleware/auth.go:40.24,42.3 1 1
github.com/sports-dynamics/cricket-fever/internal/middleware/auth.go:43.31,45.3 1 1
github.com/sports-dynamics/cricket-fever/internal/handlers/errors.go:27.102,30.31 3 1
github.com/sports-dynamics/cricket-fever/internal/handlers/errors.go:40.2,41.63 2 1
github.com/sports-dynamics/cricket-fever/internal/handlers/errors.go:30.31,35.3 4 1
github.com/sports-dynamics/cricket-fever/internal/handlers/errors.go:35.8,39.3 2 1
github.com/sports-dynamics/cricket-fever/internal/handlers/errors.go:41.63,43.3 1 0
github.com/sports-dynamics/cricket-fever/internal/handlers/errors.go:46.57,48.33 2 1
github.com/sports-dynamics/cricket-fever/internal/handlers/errors.go:61.2,61.16 1 1
github.com/sports-dynamics/cricket-fever/internal/handlers/errors.go:48.33,51.32 3 1
github.com/sports-dynamics/cricket-fever/internal/handlers/errors.go:59.3,59.36 1 1
github.com/sports-dynamics/cricket-fever/internal/handlers/errors.go:51.32,55.4 3 0
github.com/sports-dynamics/cricket-fever/internal/handlers/errors.go:55.9,58.4 2 1
github.com/sports-dynamics/cricket-fever/internal/handlers/errors.go:64.60,66.31 2 1
github.com/sports-dynamics/cricket-fever/internal/handlers/errors.go:72.2,72.21 1 1
github.com/sports-dynamics/cricket-fever/internal/handlers/errors.go:66.31,67.72 1 1
github.com/sports-dynamics/cricket-fever/internal/handlers/errors.go:67.72,69.4 1 0
github.com/sports-dynamics/cricket-fever/internal/handlers/heartbeat.go:11.63,12.32 1 1
github.com/sports-dynamics/cricket-fever/internal/handlers/heartbeat.go:16.2,17.75 2 1
github.com/sports-dynamics/cricket-fever/internal/handlers/heartbeat.go:12.32,15.3 2 1
github.com/sports-dynamics/cricket-fever/internal/handlers/heartbeat.go:17.75,19.3 1 0
github.com/sports-dynamics/cricket-fever/internal/handlers/response.go:12.99,14.60 2 1
github.com/sports-dynamics/cricket-fever/internal/handlers/response.go:14.60,16.3 1 0
github.com/sports-dynamics/cricket-fever/internal/players/player_create_handler.go:18.66,21.2 1 1
github.com/sports-dynamics/cricket-fever/internal/players/player_create_handler.go:26.73,30.49 3 1
github.com/sports-dynamics/cricket-fever/internal/players/player_create_handler.go:34.2,38.43 3 1
github.com/sports-dynamics/cricket-fever/internal/players/player_create_handler.go:43.2,45.16 2 1
github.com/sports-dynamics/cricket-fever/internal/players/player_create_handler.go:51.2,51.71 1 1
github.com/sports-dynamics/cricket-fever/internal/players/player_create_handler.go:30.49,33.3 2 0
github.com/sports-dynamics/cricket-fever/internal/players/player_create_handler.go:38.43,41.3 2 0
github.com/sports-dynamics/cricket-fever/internal/players/player_create_handler.go:45.16,49.3 3 0
github.com/sports-dynamics/cricket-fever/internal/players/player_delete_handler.go:17.66,20.2 1 0
github.com/sports-dynamics/cricket-fever/internal/players/player_delete_handler.go:22.73,25.16 2 0
github.com/sports-dynamics/cricket-fever/internal/players/player_delete_handler.go:30.2,32.16 2 0
github.com/sports-dynamics/cricket-fever/internal/players/player_delete_handler.go:38.2,38.66 1 0
github.com/sports-dynamics/cricket-fever/internal/players/player_delete_handler.go:25.16,28.3 2 0
github.com/sports-dynamics/cricket-fever/internal/players/player_delete_handler.go:32.16,36.3 3 0
github.com/sports-dynamics/cricket-fever/internal/players/player_get_handler.go:17.63,20.2 1 0
github.com/sports-dynamics/cricket-fever/internal/players/player_get_handler.go:22.70,24.16 2 0
github.com/sports-dynamics/cricket-fever/internal/players/player_get_handler.go:29.2,31.16 2 0
github.com/sports-dynamics/cricket-fever/internal/players/player_get_handler.go:37.2,37.66 1 0
github.com/sports-dynamics/cricket-fever/internal/players/player_get_handler.go:24.16,27.3 2 0
github.com/sports-dynamics/cricket-fever/internal/players/player_get_handler.go:31.16,35.3 3 0
github.com/sports-dynamics/cricket-fever/internal/players/player_update_handler.go:17.66,20.2 1 0
github.com/sports-dynamics/cricket-fever/internal/players/player_update_handler.go:22.73,26.49 3 0
github.com/sports-dynamics/cricket-fever/internal/players/player_update_handler.go:30.2,32.43 2 0
github.com/sports-dynamics/cricket-fever/internal/players/player_update_handler.go:37.2,39.16 2 0
github.com/sports-dynamics/cricket-fever/internal/players/player_update_handler.go:45.2,45.71 1 0
github.com/sports-dynamics/cricket-fever/internal/players/player_update_handler.go:26.49,29.3 2 0
github.com/sports-dynamics/cricket-fever/internal/players/player_update_handler.go:32.43,35.3 2 0
github.com/sports-dynamics/cricket-fever/internal/players/player_update_handler.go:39.16,43.3 3 0
github.com/sports-dynamics/cricket-fever/internal/players/repo.go:24.43,26.2 1 0
github.com/sports-dynamics/cricket-fever/internal/players/repo.go:28.101,43.83 3 0
github.com/sports-dynamics/cricket-fever/internal/players/repo.go:48.2,50.23 2 0
github.com/sports-dynamics/cricket-fever/internal/players/repo.go:43.83,46.3 2 0
github.com/sports-dynamics/cricket-fever/internal/players/repo.go:53.86,58.16 3 0
github.com/sports-dynamics/cricket-fever/internal/players/repo.go:63.2,63.20 1 0
github.com/sports-dynamics/cricket-fever/internal/players/repo.go:58.16,61.3 2 0
github.com/sports-dynamics/cricket-fever/internal/players/repo.go:66.101,73.2 3 0
github.com/sports-dynamics/cricket-fever/internal/players/repo.go:75.89,82.2 3 0
github.com/sports-dynamics/cricket-fever/internal/players/service.go:20.54,22.2 1 0
github.com/sports-dynamics/cricket-fever/internal/players/service.go:24.106,27.16 2 0
github.com/sports-dynamics/cricket-fever/internal/players/service.go:31.2,31.23 1 0
github.com/sports-dynamics/cricket-fever/internal/players/service.go:27.16,29.3 1 0
github.com/sports-dynamics/cricket-fever/internal/players/service.go:34.96,38.16 2 0
github.com/sports-dynamics/cricket-fever/internal/players/service.go:42.2,42.21 1 0
github.com/sports-dynamics/cricket-fever/internal/players/service.go:38.16,40.3 1 0
github.com/sports-dynamics/cricket-fever/internal/players/service.go:46.106,49.16 2 0
github.com/sports-dynamics/cricket-fever/internal/players/service.go:53.2,53.21 1 0
github.com/sports-dynamics/cricket-fever/internal/players/service.go:49.16,51.3 1 0
github.com/sports-dynamics/cricket-fever/internal/players/service.go:57.99,61.16 2 0
github.com/sports-dynamics/cricket-fever/internal/players/service.go:65.2,65.21 1 0
github.com/sports-dynamics/cricket-fever/internal/players/service.go:61.16,63.3 1 0
github.com/sports-dynamics/cricket-fever/internal/players/stubs.go:18.107,19.24 1 1
github.com/sports-dynamics/cricket-fever/internal/players/stubs.go:22.2,22.45 1 0
github.com/sports-dynamics/cricket-fever/internal/players/stubs.go:19.24,21.3 1 1
github.com/sports-dynamics/cricket-fever/internal/players/stubs.go:25.97,26.22 1 0
github.com/sports-dynamics/cricket-fever/internal/players/stubs.go:29.2,29.45 1 0
github.com/sports-dynamics/cricket-fever/internal/players/stubs.go:26.22,28.3 1 0
github.com/sports-dynamics/cricket-fever/internal/players/stubs.go:31.107,32.25 1 0
github.com/sports-dynamics/cricket-fever/internal/players/stubs.go:35.2,35.45 1 0
github.com/sports-dynamics/cricket-fever/internal/players/stubs.go:32.25,34.3 1 0
github.com/sports-dynamics/cricket-fever/internal/players/stubs.go:38.100,39.25 1 0
github.com/sports-dynamics/cricket-fever/internal/players/stubs.go:42.2,42.45 1 0
github.com/sports-dynamics/cricket-fever/internal/players/stubs.go:39.25,41.3 1 0
github.com/sports-dynamics/cricket-fever/internal/players/models.go:11.48,13.2 1 1
github.com/sports-dynamics/cricket-fever/internal/db/models/cricket_teams.go:89.57,91.2 1 0
github.com/sports-dynamics/cricket-fever/internal/db/models/cricket_teams.go:92.58,94.2 1 0
github.com/sports-dynamics/cricket-fever/internal/db/models/cricket_teams.go:95.57,97.2 1 0
github.com/sports-dynamics/cricket-fever/internal/db/models/cricket_teams.go:98.58,100.2 1 0
github.com/sports-dynamics/cricket-fever/internal/db/models/cricket_teams.go:101.57,103.2 1 0
github.com/sports-dynamics/cricket-fever/internal/db/models/cricket_teams.go:104.58,106.2 1 0
github.com/sports-dynamics/cricket-fever/internal/db/models/cricket_teams.go:107.58,109.30 2 0
github.com/sports-dynamics/cricket-fever/internal/db/models/cricket_teams.go:112.2,112.63 1 0
github.com/sports-dynamics/cricket-fever/internal/db/models/cricket_teams.go:109.30,111.3 1 0
github.com/sports-dynamics/cricket-fever/internal/db/models/cricket_teams.go:114.59,116.30 2 0
github.com/sports-dynamics/cricket-fever/internal/db/models/cricket_teams.go:119.2,119.70 1 0
github.com/sports-dynamics/cricket-fever/internal/db/models/cricket_teams.go:116.30,118.3 1 0
github.com/sports-dynamics/cricket-fever/internal/db/models/cricket_teams.go:122.54,122.94 1 0
github.com/sports-dynamics/cricket-fever/internal/db/models/cricket_teams.go:123.54,123.97 1 0
github.com/sports-dynamics/cricket-fever/internal/db/models/cricket_teams.go:160.48,162.2 1 0
github.com/sports-dynamics/cricket-fever/internal/db/models/cricket_teams.go:164.61,165.14 1 0
github.com/sports-dynamics/cricket-fever/internal/db/models/cricket_teams.go:168.2,168.26 1 0
github.com/sports-dynamics/cricket-fever/internal/db/models/cricket_teams.go:165.14,167.3 1 0
github.com/sports-dynamics/cricket-fever/internal/db/models/cricket_teams.go:230.102,231.31 1 1
github.com/sports-dynamics/cricket-fever/internal/db/models/cricket_teams.go:235.2,235.51 1 1
github.com/sports-dynamics/cricket-fever/internal/db/models/cricket_teams.go:241.2,241.12 1 1
github.com/sports-dynamics/cricket-fever/internal/db/models/cricket_teams.go:231.31,233.3 1 0
github.com/sports-dynamics/cricket-fever/internal/db/models/cricket_teams.go:235.51,236.44 1 1
github.com/sports-dynamics/cricket-fever/internal/db/models/cricket_teams.go:236.44,238.4 1 0
github.com/sports-dynamics/cricket-fever/internal/db/models/cricket_teams.go:245.103,246.31 1 1
github.com/sports-dynamics/cricket-fever/internal/db/models/cricket_teams.go:250.2,250.52 1 1
github.com/sports-dynamics/cricket-fever/internal/db/models/cricket_teams.go:256.2,256.12 1 1
github.com/sports-dynamics/cricket-fever/internal/db/models/cricket_teams.go:246.31,248.3 1 0
github.com/sports-dynamics/cricket-fever/internal/db/models/cricket_teams.go:250.52,251.44 1 1
github.com/sports-dynamics/cricket-fever/internal/db/models/cricket_teams.go:251.44,253.4 1 0
github.com/sports-dynamics/cricket-fever/internal/db/models/cricket_teams.go:260.102,261.31 1 1
github.com/sports-dynamics/cricket-fever/internal/db/models/cricket_teams.go:265.2,265.51 1 1
github.com/sports-dynamics/cricket-fever/internal/db/models/cricket_teams.go:271.2,271.12 1 1
github.com/sports-dynamics/cricket-fever/internal/db/models/cricket_teams.go:261.31,263.3 1 0
github.com/sports-dynamics/cricket-fever/internal/db/models/cricket_teams.go:265.51,266.44 1 1
github.com/sports-dynamics/cricket-fever/internal/db/models/cricket_teams.go:266.44,268.4 1 0
github.com/sports-dynamics/cricket-fever/internal/db/models/cricket_teams.go:275.103,276.31 1 1
github.com/sports-dynamics/cricket-fever/internal/db/models/cricket_teams.go:280.2,280.52 1 1
github.com/sports-dynamics/cricket-fever/internal/db/models/cricket_teams.go:286.2,286.12 1 1
github.com/sports-dynamics/cricket-fever/internal/db/models/cricket_teams.go:276.31,278.3 1 0
github.com/sports-dynamics/cricket-fever/internal/db/models/cricket_teams.go:280.52,281.44 1 1
github.com/sports-dynamics/cricket-fever/internal/db/models/cricket_teams.go:281.44,283.4 1 0
github.com/sports-dynamics/cricket-fever/internal/db/models/cricket_teams.go:290.102,291.31 1 1
github.com/sports-dynamics/cricket-fever/internal/db/models/cricket_teams.go:295.2,295.51 1 1
github.com/sports-dynamics/cricket-fever/internal/db/models/cricket_teams.go:301.2,301.12 1 1
github.com/sports-dynamics/cricket-fever/internal/db/models/cricket_teams.go:291.31,293.3 1 0
github.com/sports-dynamics/cricket-fever/internal/db/models/cricket_teams.go:295.51,296.44 1 1
github.com/sports-dynamics/cricket-fever/internal/db/models/cricket_teams.go:296.44,298.4 1 0
github.com/sports-dynamics/cricket-fever/internal/db/models/cricket_teams.go:305.103,306.31 1 1
github.com/sports-dynamics/cricket-fever/internal/db/models/cricket_teams.go:310.2,310.52 1 1
github.com/sports-dynamics/cricket-fever/internal/db/models/cricket_teams.go:316.2,316.12 1 1
github.com/sports-dynamics/cricket-fever/internal/db/models/cricket_teams.go:306.31,308.3 1 0
github.com/sports-dynamics/cricket-fever/internal/db/models/cricket_teams.go:310.52,311.44 1 1
github.com/sports-dynamics/cricket-fever/internal/db/models/cricket_teams.go:311.44,313.4 1 0
github.com/sports-dynamics/cricket-fever/internal/db/models/cricket_teams.go:320.102,321.31 1 1
github.com/sports-dynamics/cricket-fever/internal/db/models/cricket_teams.go:325.2,325.51 1 1
github.com/sports-dynamics/cricket-fever/internal/db/models/cricket_teams.go:331.2,331.12 1 1
github.com/sports-dynamics/cricket-fever/internal/db/models/cricket_teams.go:321.31,323.3 1 0
github.com/sports-dynamics/cricket-fever/internal/db/models/cricket_teams.go:325.51,326.44 1 1
github.com/sports-dynamics/cricket-fever/internal/db/models/cricket_teams.go:326.44,328.4 1 0
github.com/sports-dynamics/cricket-fever/internal/db/models/cricket_teams.go:335.103,336.31 1 1
github.com/sports-dynamics/cricket-fever/internal/db/models/cricket_teams.go:340.2,340.52 1 1
github.com/sports-dynamics/cricket-fever/internal/db/models/cricket_teams.go:346.2,346.12 1 1
github.com/sports-dynamics/cricket-fever/internal/db/models/cricket_teams.go:336.31,338.3 1 0
github.com/sports-dynamics/cricket-fever/internal/db/models/cricket_teams.go:340.52,341.44 1 1
github.com/sports-dynamics/cricket-fever/internal/db/models/cricket_teams.go:341.44,343.4 1 0
github.com/sports-dynamics/cricket-fever/internal/db/models/cricket_teams.go:350.102,351.31 1 1
github.com/sports-dynamics/cricket-fever/internal/db/models/cricket_teams.go:355.2,355.51 1 1
github.com/sports-dynamics/cricket-fever/internal/db/models/cricket_teams.go:361.2,361.12 1 1
github.com/sports-dynamics/cricket-fever/internal/db/models/cricket_teams.go:351.31,353.3 1 0
github.com/sports-dynamics/cricket-fever/internal/db/models/cricket_teams.go:355.51,356.44 1 1
github.com/sports-dynamics/cricket-fever/internal/db/models/cricket_teams.go:356.44,358.4 1 0
github.com/sports-dynamics/cricket-fever/internal/db/models/cricket_teams.go:365.84,366.19 1 1
github.com/sports-dynamics/cricket-fever/internal/db/models/cricket_teams.go:367.28,368.85 1 1
github.com/sports-dynamics/cricket-fever/internal/db/models/cricket_teams.go:369.29,370.87 1 1
github.com/sports-dynamics/cricket-fever/internal/db/models/cricket_teams.go:371.28,372.85 1 1
github.com/sports-dynamics/cricket-fever/internal/db/models/cricket_teams.go:373.29,374.87 1 1
github.com/sports-dynamics/cricket-fever/internal/db/models/cricket_teams.go:375.28,376.85 1 1
github.com/sports-dynamics/cricket-fever/internal/db/models/cricket_teams.go:377.29,378.87 1 1
github.com/sports-dynamics/cricket-fever/internal/db/models/cricket_teams.go:379.28,380.85 1 1
github.com/sports-dynamics/cricket-fever/internal/db/models/cricket_teams.go:381.29,382.87 1 1
github.com/sports-dynamics/cricket-fever/internal/db/models/cricket_teams.go:383.28,384.85 1 1
github.com/sports-dynamics/cricket-fever/internal/db/models/cricket_teams.go:389.75,391.2 1 0
github.com/sports-dynamics/cricket-fever/internal/db/models/cricket_teams.go:394.101,400.16 4 1
github.com/sports-dynamics/cricket-fever/internal/db/models/cricket_teams.go:407.2,407.56 1 1
github.com/sports-dynamics/cricket-fever/internal/db/models/cricket_teams.go:411.2,411.15 1 1
github.com/sports-dynamics/cricket-fever/internal/db/models/cricket_teams.go:400.16,401.36 1 0
github.com/sports-dynamics/cricket-fever/internal/db/models/cricket_teams.go:404.3,404.90 1 0
github.com/sports-dynamics/cricket-fever/internal/db/models/cricket_teams.go:401.36,403.4 1 0
github.com/sports-dynamics/cricket-fever/internal/db/models/cricket_teams.go:407.56,409.3 1 0
github.com/sports-dynamics/cricket-fever/internal/db/models/cricket_teams.go:415.79,417.2 1 0
github.com/sports-dynamics/cricket-fever/internal/db/models/cricket_teams.go:420.105,424.16 3 1
github.com/sports-dynamics/cricket-fever/internal/db/models/cricket_teams.go:428.2,428.43 1 1
github.com/sports-dynamics/cricket-fever/internal/db/models/cricket_teams.go:436.2,436.15 1 1
github.com/sports-dynamics/cricket-fever/internal/db/models/cricket_teams.go:424.16,426.3 1 0
github.com/sports-dynamics/cricket-fever/internal/db/models/cricket_teams.go:428.43,429.25 1 1
github.com/sports-dynamics/cricket-fever/internal/db/models/cricket_teams.go:429.25,430.60 1 1
github.com/sports-dynamics/cricket-fever/internal/db/models/cricket_teams.go:430.60,432.5 1 0
github.com/sports-dynamics/cricket-fever/internal/db/models/cricket_teams.go:440.70,442.2 1 0
github.com/sports-dynamics/cricket-fever/internal/db/models/cricket_teams.go:445.96,452.16 5 1
github.com/sports-dynamics/cricket-fever/internal/db/models/cricket_teams.go:456.2,456.19 1 1
github.com/sports-dynamics/cricket-fever/internal/db/models/cricket_teams.go:452.16,454.3 1 0
github.com/sports-dynamics/cricket-fever/internal/db/models/cricket_teams.go:460.70,462.2 1 0
github.com/sports-dynamics/cricket-fever/internal/db/models/cricket_teams.go:465.96,473.16 6 0
github.com/sports-dynamics/cricket-fever/internal/db/models/cricket_teams.go:477.2,477.23 1 0
github.com/sports-dynamics/cricket-fever/internal/db/models/cricket_teams.go:473.16,475.3 1 0
github.com/sports-dynamics/cricket-fever/internal/db/models/cricket_teams.go:481.76,483.20 2 1
github.com/sports-dynamics/cricket-fever/internal/db/models/cricket_teams.go:487.2,491.34 2 1
github.com/sports-dynamics/cricket-fever/internal/db/models/cricket_teams.go:483.20,485.3 1 0
github.com/sports-dynamics/cricket-fever/internal/db/models/cricket_teams.go:496.162,500.14 3 1
github.com/sports-dynamics/cricket-fever/internal/db/models/cricket_teams.go:522.2,523.14 2 1
github.com/sports-dynamics/cricket-fever/internal/db/models/cricket_teams.go:545.2,545.20 1 1
github.com/sports-dynamics/cricket-fever/internal/db/models/cricket_teams.go:549.2,553.17 2 1
github.com/sports-dynamics/cricket-fever/internal/db/models/cricket_teams.go:557.2,558.16 2 1
github.com/sports-dynamics/cricket-fever/internal/db/models/cricket_teams.go:562.2,563.59 2 1
github.com/sports-dynamics/cricket-fever/internal/db/models/cricket_teams.go:567.2,567.39 1 1
github.com/sports-dynamics/cricket-fever/internal/db/models/cricket_teams.go:570.2,570.37 1 1
github.com/sports-dynamics/cricket-fever/internal/db/models/cricket_teams.go:574.2,574.42 1 1
github.com/sports-dynamics/cricket-fever/internal/db/models/cricket_teams.go:581.2,581.14 1 1
github.com/sports-dynamics/cricket-fever/internal/db/models/cricket_teams.go:592.2,592.38 1 1
github.com/sports-dynamics/cricket-fever/internal/db/models/cricket_teams.go:605.2,605.12 1 1
github.com/sports-dynamics/cricket-fever/internal/db/models/cricket_teams.go:500.14,503.10 3 1
github.com/sports-dynamics/cricket-fever/internal/db/models/cricket_teams.go:503.10,506.11 3 0
github.com/sports-dynamics/cricket-fever/internal/db/models/cricket_teams.go:506.11,508.5 1 0
github.com/sports-dynamics/cricket-fever/internal/db/models/cricket_teams.go:510.8,512.9 2 1
github.com/sports-dynamics/cricket-fever/internal/db/models/cricket_teams.go:512.9,514.4 1 1
github.com/sports-dynamics/cricket-fever/internal/db/models/cricket_teams.go:514.9,516.11 2 0
github.com/sports-dynamics/cricket-fever/internal/db/models/cricket_teams.go:516.11,518.5 1 0
github.com/sports-dynamics/cricket-fever/internal/db/models/cricket_teams.go:523.14,524.22 1 1
github.com/sports-dynamics/cricket-fever/internal/db/models/cricket_teams.go:527.3,527.37 1 1
github.com/sports-dynamics/cricket-fever/internal/db/models/cricket_teams.go:524.22,526.4 1 0
github.com/sports-dynamics/cricket-fever/internal/db/models/cricket_teams.go:528.8,530.29 1 1
github.com/sports-dynamics/cricket-fever/internal/db/models/cricket_teams.go:530.29,531.20 1 1
github.com/sports-dynamics/cricket-fever/internal/db/models/cricket_teams.go:535.4,535.27 1 1
github.com/sports-dynamics/cricket-fever/internal/db/models/cricket_teams.go:541.4,541.35 1 1
github.com/sports-dynamics/cricket-fever/internal/db/models/cricket_teams.go:531.20,533.5 1 1
github.com/sports-dynamics/cricket-fever/internal/db/models/cricket_teams.go:535.27,536.24 1 0
github.com/sports-dynamics/cricket-fever/internal/db/models/cricket_teams.go:536.24,537.20 1 0
github.com/sports-dynamics/cricket-fever/internal/db/models/cricket_teams.go:545.20,547.3 1 0
github.com/sports-dynamics/cricket-fever/internal/db/models/cricket_teams.go:553.17,555.3 1 0
github.com/sports-dynamics/cricket-fever/internal/db/models/cricket_teams.go:558.16,560.3 1 0
github.com/sports-dynamics/cricket-fever/internal/db/models/cricket_teams.go:563.59,565.3 1 0
github.com/sports-dynamics/cricket-fever/internal/db/models/cricket_teams.go:567.39,569.3 1 0
github.com/sports-dynamics/cricket-fever/internal/db/models/cricket_teams.go:570.37,572.3 1 0
github.com/sports-dynamics/cricket-fever/internal/db/models/cricket_teams.go:574.42,575.35 1 0
github.com/sports-dynamics/cricket-fever/internal/db/models/cricket_teams.go:575.35,576.57 1 0
github.com/sports-dynamics/cricket-fever/internal/db/models/cricket_teams.go:576.57,578.5 1 0
github.com/sports-dynamics/cricket-fever/internal/db/models/cricket_teams.go:581.14,583.39 2 1
github.com/sports-dynamics/cricket-fever/internal/db/models/cricket_teams.go:589.3,589.13 1 1
github.com/sports-dynamics/cricket-fever/internal/db/models/cricket_teams.go:583.39,584.24 1 1
github.com/sports-dynamics/cricket-fever/internal/db/models/cricket_teams.go:587.4,587.27 1 1
github.com/sports-dynamics/cricket-fever/internal/db/models/cricket_teams.go:584.24,586.5 1 1
github.com/sports-dynamics/cricket-fever/internal/db/models/cricket_teams.go:592.38,593.31 1 1
github.com/sports-dynamics/cricket-fever/internal/db/models/cricket_teams.go:593.31,594.38 1 1
github.com/sports-dynamics/cricket-fever/internal/db/models/cricket_teams.go:594.38,596.25 2 1
github.com/sports-dynamics/cricket-fever/internal/db/models/cricket_teams.go:599.5,600.10 2 1
github.com/sports-dynamics/cricket-fever/internal/db/models/cricket_teams.go:596.25,598.6 1 1
github.com/sports-dynamics/cricket-fever/internal/db/models/cricket_teams.go:613.107,615.2 1 0
github.com/sports-dynamics/cricket-fever/internal/db/models/cricket_teams.go:621.133,623.30 2 1
github.com/sports-dynamics/cricket-fever/internal/db/models/cricket_teams.go:650.2,650.16 1 1
github.com/sports-dynamics/cricket-fever/internal/db/models/cricket_teams.go:658.2,658.30 1 1
github.com/sports-dynamics/cricket-fever/internal/db/models/cricket_teams.go:667.2,667.12 1 1
github.com/sports-dynamics/cricket-fever/internal/db/models/cricket_teams.go:623.30,624.13 1 1
github.com/sports-dynamics/cricket-fever/internal/db/models/cricket_teams.go:624.13,626.61 2 1
github.com/sports-dynamics/cricket-fever/internal/db/models/cricket_teams.go:626.61,628.5 1 0
github.com/sports-dynamics/cricket-fever/internal/db/models/cricket_teams.go:629.9,637.25 3 1
github.com/sports-dynamics/cricket-fever/internal/db/models/cricket_teams.go:642.4,642.74 1 1
github.com/sports-dynamics/cricket-fever/internal/db/models/cricket_teams.go:646.4,646.25 1 1
github.com/sports-dynamics/cricket-fever/internal/db/models/cricket_teams.go:637.25,641.5 3 0
github.com/sports-dynamics/cricket-fever/internal/db/models/cricket_teams.go:642.74,644.5 1 0
github.com/sports-dynamics/cricket-fever/internal/db/models/cricket_teams.go:650.16,654.3 1 1
github.com/sports-dynamics/cricket-fever/internal/db/models/cricket_teams.go:654.8,656.3 1 1
github.com/sports-dynamics/cricket-fever/internal/db/models/cricket_teams.go:658.30,659.19 1 1
github.com/sports-dynamics/cricket-fever/internal/db/models/cricket_teams.go:659.19,663.4 1 1
github.com/sports-dynamics/cricket-fever/internal/db/models/cricket_teams.go:663.9,665.4 1 0
github.com/sports-dynamics/cricket-fever/internal/db/models/cricket_teams.go:671.57,674.36 3 1
github.com/sports-dynamics/cricket-fever/internal/db/models/cricket_teams.go:678.2,678.28 1 1
github.com/sports-dynamics/cricket-fever/internal/db/models/cricket_teams.go:674.36,676.3 1 1
github.com/sports-dynamics/cricket-fever/internal/db/models/cricket_teams.go:682.100,684.2 1 0
github.com/sports-dynamics/cricket-fever/internal/db/models/cricket_teams.go:688.126,692.25 3 1
github.com/sports-dynamics/cricket-fever/internal/db/models/cricket_teams.go:695.2,702.16 4 1
github.com/sports-dynamics/cricket-fever/internal/db/models/cricket_teams.go:709.2,709.68 1 1
github.com/sports-dynamics/cricket-fever/internal/db/models/cricket_teams.go:713.2,713.28 1 1
github.com/sports-dynamics/cricket-fever/internal/db/models/cricket_teams.go:692.25,694.3 1 0
github.com/sports-dynamics/cricket-fever/internal/db/models/cricket_teams.go:702.16,703.36 1 0
github.com/sports-dynamics/cricket-fever/internal/db/models/cricket_teams.go:706.3,706.78 1 0
github.com/sports-dynamics/cricket-fever/internal/db/models/cricket_teams.go:703.36,705.4 1 0
github.com/sports-dynamics/cricket-fever/internal/db/models/cricket_teams.go:709.68,711.3 1 0
github.com/sports-dynamics/cricket-fever/internal/db/models/cricket_teams.go:717.80,719.2 1 0
github.com/sports-dynamics/cricket-fever/internal/db/models/cricket_teams.go:723.106,724.14 1 1
github.com/sports-dynamics/cricket-fever/internal/db/models/cricket_teams.go:728.2,730.57 2 1
github.com/sports-dynamics/cricket-fever/internal/db/models/cricket_teams.go:734.2,741.13 6 1
github.com/sports-dynamics/cricket-fever/internal/db/models/cricket_teams.go:772.2,775.23 3 1
github.com/sports-dynamics/cricket-fever/internal/db/models/cricket_teams.go:781.2,781.32 1 1
github.com/sports-dynamics/cricket-fever/internal/db/models/cricket_teams.go:787.2,787.16 1 1
github.com/sports-dynamics/cricket-fever/internal/db/models/cricket_teams.go:791.2,791.13 1 1
github.com/sports-dynamics/cricket-fever/internal/db/models/cricket_teams.go:797.2,797.40 1 1
github.com/sports-dynamics/cricket-fever/internal/db/models/cricket_teams.go:724.14,726.3 1 0
github.com/sports-dynamics/cricket-fever/internal/db/models/cricket_teams.go:730.57,732.3 1 0
github.com/sports-dynamics/cricket-fever/internal/db/models/cricket_teams.go:741.13,750.17 3 1
github.com/sports-dynamics/cricket-fever/internal/db/models/cricket_teams.go:753.3,754.17 2 1
github.com/sports-dynamics/cricket-fever/internal/db/models/cricket_teams.go:757.3,757.19 1 1
github.com/sports-dynamics/cricket-fever/internal/db/models/cricket_teams.go:763.3,765.33 2 1
github.com/sports-dynamics/cricket-fever/internal/db/models/cricket_teams.go:769.3,769.70 1 1
github.com/sports-dynamics/cricket-fever/internal/db/models/cricket_teams.go:750.17,752.4 1 0
github.com/sports-dynamics/cricket-fever/internal/db/models/cricket_teams.go:754.17,756.4 1 0
github.com/sports-dynamics/cricket-fever/internal/db/models/cricket_teams.go:757.19,759.4 1 1
github.com/sports-dynamics/cricket-fever/internal/db/models/cricket_teams.go:759.9,761.4 1 0
github.com/sports-dynamics/cricket-fever/internal/db/models/cricket_teams.go:765.33,767.4 1 1
github.com/sports-dynamics/cricket-fever/internal/db/models/cricket_teams.go:775.23,779.3 3 0
github.com/sports-dynamics/cricket-fever/internal/db/models/cricket_teams.go:781.32,783.3 1 1
github.com/sports-dynamics/cricket-fever/internal/db/models/cricket_teams.go:783.8,785.3 1 0
github.com/sports-dynamics/cricket-fever/internal/db/models/cricket_teams.go:787.16,789.3 1 0
github.com/sports-dynamics/cricket-fever/internal/db/models/cricket_teams.go:791.13,795.3 3 1
github.com/sports-dynamics/cricket-fever/internal/db/models/cricket_teams.go:802.89,804.2 1 0
github.com/sports-dynamics/cricket-fever/internal/db/models/cricket_teams.go:809.115,811.56 2 1
github.com/sports-dynamics/cricket-fever/internal/db/models/cricket_teams.go:814.2,819.13 5 1
github.com/sports-dynamics/cricket-fever/internal/db/models/cricket_teams.go:842.2,844.23 2 1
github.com/sports-dynamics/cricket-fever/internal/db/models/cricket_teams.go:849.2,851.16 3 1
github.com/sports-dynamics/cricket-fever/internal/db/models/cricket_teams.go:855.2,856.16 2 1
github.com/sports-dynamics/cricket-fever/internal/db/models/cricket_teams.go:860.2,860.13 1 1
github.com/sports-dynamics/cricket-fever/internal/db/models/cricket_teams.go:866.2,866.49 1 1
github.com/sports-dynamics/cricket-fever/internal/db/models/cricket_teams.go:811.56,813.3 1 0
github.com/sports-dynamics/cricket-fever/internal/db/models/cricket_teams.go:819.13,825.29 2 1
github.com/sports-dynamics/cricket-fever/internal/db/models/cricket_teams.go:828.3,828.19 1 1
github.com/sports-dynamics/cricket-fever/internal/db/models/cricket_teams.go:832.3,837.17 3 1
github.com/sports-dynamics/cricket-fever/internal/db/models/cricket_teams.go:825.29,827.4 1 1
github.com/sports-dynamics/cricket-fever/internal/db/models/cricket_teams.go:828.19,830.4 1 0
github.com/sports-dynamics/cricket-fever/internal/db/models/cricket_teams.go:837.17,839.4 1 0
github.com/sports-dynamics/cricket-fever/internal/db/models/cricket_teams.go:844.23,848.3 3 0
github.com/sports-dynamics/cricket-fever/internal/db/models/cricket_teams.go:851.16,853.3 1 0
github.com/sports-dynamics/cricket-fever/internal/db/models/cricket_teams.go:856.16,858.3 1 0
github.com/sports-dynamics/cricket-fever/internal/db/models/cricket_teams.go:860.13,864.3 3 1
github.com/sports-dynamics/cricket-fever/internal/db/models/cricket_teams.go:870.82,872.2 1 0
github.com/sports-dynamics/cricket-fever/internal/db/models/cricket_teams.go:875.108,879.16 3 0
github.com/sports-dynamics/cricket-fever/internal/db/models/cricket_teams.go:883.2,884.16 2 0
github.com/sports-dynamics/cricket-fever/internal/db/models/cricket_teams.go:888.2,888.21 1 0
github.com/sports-dynamics/cricket-fever/internal/db/models/cricket_teams.go:879.16,881.3 1 0
github.com/sports-dynamics/cricket-fever/internal/db/models/cricket_teams.go:884.16,886.3 1 0
github.com/sports-dynamics/cricket-fever/internal/db/models/cricket_teams.go:892.82,894.2 1 0
github.com/sports-dynamics/cricket-fever/internal/db/models/cricket_teams.go:897.108,899.13 2 1
github.com/sports-dynamics/cricket-fever/internal/db/models/cricket_teams.go:903.2,903.20 1 1
github.com/sports-dynamics/cricket-fever/internal/db/models/cricket_teams.go:907.2,911.32 4 1
github.com/sports-dynamics/cricket-fever/internal/db/models/cricket_teams.go:918.2,918.24 1 1
github.com/sports-dynamics/cricket-fever/internal/db/models/cricket_teams.go:923.2,927.23 2 1
github.com/sports-dynamics/cricket-fever/internal/db/models/cricket_teams.go:932.2,933.16 2 1
github.com/sports-dynamics/cricket-fever/internal/db/models/cricket_teams.go:937.2,938.16 2 1
github.com/sports-dynamics/cricket-fever/internal/db/models/cricket_teams.go:941.2,941.21 1 1
github.com/sports-dynamics/cricket-fever/internal/db/models/cricket_teams.go:899.13,901.3 1 0
github.com/sports-dynamics/cricket-fever/internal/db/models/cricket_teams.go:903.20,905.3 1 0
github.com/sports-dynamics/cricket-fever/internal/db/models/cricket_teams.go:911.32,915.3 3 1
github.com/sports-dynamics/cricket-fever/internal/db/models/cricket_teams.go:918.24,921.3 2 1
github.com/sports-dynamics/cricket-fever/internal/db/models/cricket_teams.go:927.23,931.3 3 0
github.com/sports-dynamics/cricket-fever/internal/db/models/cricket_teams.go:933.16,935.3 1 0
github.com/sports-dynamics/cricket-fever/internal/db/models/cricket_teams.go:938.16,940.3 1 0
github.com/sports-dynamics/cricket-fever/internal/db/models/cricket_teams.go:945.150,947.2 1 0
github.com/sports-dynamics/cricket-fever/internal/db/models/cricket_teams.go:951.176,952.14 1 1
github.com/sports-dynamics/cricket-fever/internal/db/models/cricket_teams.go:956.2,956.57 1 1
github.com/sports-dynamics/cricket-fever/internal/db/models/cricket_teams.go:960.2,964.22 3 1
github.com/sports-dynamics/cricket-fever/internal/db/models/cricket_teams.go:969.2,970.36 2 1
github.com/sports-dynamics/cricket-fever/internal/db/models/cricket_teams.go:973.2,975.39 3 1
github.com/sports-dynamics/cricket-fever/internal/db/models/cricket_teams.go:978.2,980.39 3 1
github.com/sports-dynamics/cricket-fever/internal/db/models/cricket_teams.go:983.2,984.31 2 1
github.com/sports-dynamics/cricket-fever/internal/db/models/cricket_teams.go:987.2,996.13 7 1
github.com/sports-dynamics/cricket-fever/internal/db/models/cricket_teams.go:1032.2,1035.32 4 1
github.com/sports-dynamics/cricket-fever/internal/db/models/cricket_teams.go:1039.2,1039.23 1 1
github.com/sports-dynamics/cricket-fever/internal/db/models/cricket_teams.go:1044.2,1044.32 1 1
github.com/sports-dynamics/cricket-fever/internal/db/models/cricket_teams.go:1052.2,1052.16 1 1
github.com/sports-dynamics/cricket-fever/internal/db/models/cricket_teams.go:1056.2,1056.13 1 1
github.com/sports-dynamics/cricket-fever/internal/db/models/cricket_teams.go:1062.2,1062.40 1 1
github.com/sports-dynamics/cricket-fever/internal/db/models/cricket_teams.go:952.14,954.3 1 0
github.com/sports-dynamics/cricket-fever/internal/db/models/cricket_teams.go:956.57,958.3 1 0
github.com/sports-dynamics/cricket-fever/internal/db/models/cricket_teams.go:964.22,966.3 1 1
github.com/sports-dynamics/cricket-fever/internal/db/models/cricket_teams.go:966.8,968.3 1 1
github.com/sports-dynamics/cricket-fever/internal/db/models/cricket_teams.go:970.36,972.3 1 0
github.com/sports-dynamics/cricket-fever/internal/db/models/cricket_teams.go:975.39,977.3 1 0
github.com/sports-dynamics/cricket-fever/internal/db/models/cricket_teams.go:980.39,982.3 1 0
github.com/sports-dynamics/cricket-fever/internal/db/models/cricket_teams.go:984.31,986.3 1 1
github.com/sports-dynamics/cricket-fever/internal/db/models/cricket_teams.go:996.13,1009.43 3 1
github.com/sports-dynamics/cricket-fever/internal/db/models/cricket_teams.go:1013.3,1014.25 2 1
github.com/sports-dynamics/cricket-fever/internal/db/models/cricket_teams.go:1018.3,1021.17 3 1
github.com/sports-dynamics/cricket-fever/internal/db/models/cricket_teams.go:1024.3,1024.20 1 1
github.com/sports-dynamics/cricket-fever/internal/db/models/cricket_teams.go:1009.43,1011.4 1 0
github.com/sports-dynamics/cricket-fever/internal/db/models/cricket_teams.go:1014.25,1017.4 2 1
github.com/sports-dynamics/cricket-fever/internal/db/models/cricket_teams.go:1021.17,1023.4 1 0
github.com/sports-dynamics/cricket-fever/internal/db/models/cricket_teams.go:1024.20,1026.18 2 1
github.com/sports-dynamics/cricket-fever/internal/db/models/cricket_teams.go:1026.18,1028.5 1 0
github.com/sports-dynamics/cricket-fever/internal/db/models/cricket_teams.go:1035.32,1037.3 1 1
github.com/sports-dynamics/cricket-fever/internal/db/models/cricket_teams.go:1039.23,1043.3 3 0
github.com/sports-dynamics/cricket-fever/internal/db/models/cricket_teams.go:1044.32,1046.36 2 1
github.com/sports-dynamics/cricket-fever/internal/db/models/cricket_teams.go:1046.36,1048.4 1 0
github.com/sports-dynamics/cricket-fever/internal/db/models/cricket_teams.go:1049.8,1051.3 1 1
github.com/sports-dynamics/cricket-fever/internal/db/models/cricket_teams.go:1052.16,1054.3 1 0
github.com/sports-dynamics/cricket-fever/internal/db/models/cricket_teams.go:1056.13,1060.3 3 1
github.com/sports-dynamics/cricket-fever/internal/db/models/cricket_teams.go:1067.67,1069.2 1 0
github.com/sports-dynamics/cricket-fever/internal/db/models/cricket_teams.go:1073.93,1074.14 1 1
github.com/sports-dynamics/cricket-fever/internal/db/models/cricket_teams.go:1078.2,1078.57 1 1
github.com/sports-dynamics/cricket-fever/internal/db/models/cricket_teams.go:1082.2,1085.23 3 1
github.com/sports-dynamics/cricket-fever/internal/db/models/cricket_teams.go:1090.2,1091.16 2 1
github.com/sports-dynamics/cricket-fever/internal/db/models/cricket_teams.go:1095.2,1096.16 2 1
github.com/sports-dynamics/cricket-fever/internal/db/models/cricket_teams.go:1100.2,1100.56 1 1
github.com/sports-dynamics/cricket-fever/internal/db/models/cricket_teams.go:1104.2,1104.21 1 1
github.com/sports-dynamics/cricket-fever/internal/db/models/cricket_teams.go:1074.14,1076.3 1 0
github.com/sports-dynamics/cricket-fever/internal/db/models/cricket_teams.go:1078.57,1080.3 1 0
github.com/sports-dynamics/cricket-fever/internal/db/models/cricket_teams.go:1085.23,1089.3 3 0
github.com/sports-dynamics/cricket-fever/internal/db/models/cricket_teams.go:1091.16,1093.3 1 0
github.com/sports-dynamics/cricket-fever/internal/db/models/cricket_teams.go:1096.16,1098.3 1 0
github.com/sports-dynamics/cricket-fever/internal/db/models/cricket_teams.go:1100.56,1102.3 1 0
github.com/sports-dynamics/cricket-fever/internal/db/models/cricket_teams.go:1107.74,1109.2 1 0
github.com/sports-dynamics/cricket-fever/internal/db/models/cricket_teams.go:1112.100,1113.20 1 1
github.com/sports-dynamics/cricket-fever/internal/db/models/cricket_teams.go:1117.2,1120.16 3 1
github.com/sports-dynamics/cricket-fever/internal/db/models/cricket_teams.go:1124.2,1125.16 2 1
github.com/sports-dynamics/cricket-fever/internal/db/models/cricket_teams.go:1129.2,1129.21 1 1
github.com/sports-dynamics/cricket-fever/internal/db/models/cricket_teams.go:1113.20,1115.3 1 0
github.com/sports-dynamics/cricket-fever/internal/db/models/cricket_teams.go:1120.16,1122.3 1 0
github.com/sports-dynamics/cricket-fever/internal/db/models/cricket_teams.go:1125.16,1127.3 1 0
github.com/sports-dynamics/cricket-fever/internal/db/models/cricket_teams.go:1133.74,1135.2 1 0
github.com/sports-dynamics/cricket-fever/internal/db/models/cricket_teams.go:1138.100,1139.17 1 1
github.com/sports-dynamics/cricket-fever/internal/db/models/cricket_teams.go:1143.2,1143.44 1 1
github.com/sports-dynamics/cricket-fever/internal/db/models/cricket_teams.go:1151.2,1152.24 2 1
github.com/sports-dynamics/cricket-fever/internal/db/models/cricket_teams.go:1157.2,1160.23 2 1
github.com/sports-dynamics/cricket-fever/internal/db/models/cricket_teams.go:1165.2,1166.16 2 1
github.com/sports-dynamics/cricket-fever/internal/db/models/cricket_teams.go:1170.2,1171.16 2 1
github.com/sports-dynamics/cricket-fever/internal/db/models/cricket_teams.go:1175.2,1175.43 1 1
github.com/sports-dynamics/cricket-fever/internal/db/models/cricket_teams.go:1183.2,1183.21 1 1
github.com/sports-dynamics/cricket-fever/internal/db/models/cricket_teams.go:1139.17,1141.3 1 0
github.com/sports-dynamics/cricket-fever/internal/db/models/cricket_teams.go:1143.44,1144.25 1 0
github.com/sports-dynamics/cricket-fever/internal/db/models/cricket_teams.go:1144.25,1145.61 1 0
github.com/sports-dynamics/cricket-fever/internal/db/models/cricket_teams.go:1145.61,1147.5 1 0
github.com/sports-dynamics/cricket-fever/internal/db/models/cricket_teams.go:1152.24,1155.3 2 1
github.com/sports-dynamics/cricket-fever/internal/db/models/cricket_teams.go:1160.23,1164.3 3 0
github.com/sports-dynamics/cricket-fever/internal/db/models/cricket_teams.go:1166.16,1168.3 1 0
github.com/sports-dynamics/cricket-fever/internal/db/models/cricket_teams.go:1171.16,1173.3 1 0
github.com/sports-dynamics/cricket-fever/internal/db/models/cricket_teams.go:1175.43,1176.25 1 0
github.com/sports-dynamics/cricket-fever/internal/db/models/cricket_teams.go:1176.25,1177.60 1 0
github.com/sports-dynamics/cricket-fever/internal/db/models/cricket_teams.go:1177.60,1179.5 1 0
github.com/sports-dynamics/cricket-fever/internal/db/models/cricket_teams.go:1187.58,1188.14 1 0
github.com/sports-dynamics/cricket-fever/internal/db/models/cricket_teams.go:1192.2,1192.43 1 0
github.com/sports-dynamics/cricket-fever/internal/db/models/cricket_teams.go:1188.14,1190.3 1 0
github.com/sports-dynamics/cricket-fever/internal/db/models/cricket_teams.go:1197.84,1199.16 2 1
github.com/sports-dynamics/cricket-fever/internal/db/models/cricket_teams.go:1203.2,1204.12 2 1
github.com/sports-dynamics/cricket-fever/internal/db/models/cricket_teams.go:1199.16,1201.3 1 0
github.com/sports-dynamics/cricket-fever/internal/db/models/cricket_teams.go:1209.66,1210.14 1 0
github.com/sports-dynamics/cricket-fever/internal/db/models/cricket_teams.go:1214.2,1214.46 1 0
github.com/sports-dynamics/cricket-fever/internal/db/models/cricket_teams.go:1210.14,1212.3 1 0
github.com/sports-dynamics/cricket-fever/internal/db/models/cricket_teams.go:1219.92,1220.30 1 1
github.com/sports-dynamics/cricket-fever/internal/db/models/cricket_teams.go:1224.2,1226.25 3 1
github.com/sports-dynamics/cricket-fever/internal/db/models/cricket_teams.go:1231.2,1237.16 4 1
github.com/sports-dynamics/cricket-fever/internal/db/models/cricket_teams.go:1241.2,1243.12 2 1
github.com/sports-dynamics/cricket-fever/internal/db/models/cricket_teams.go:1220.30,1222.3 1 0
github.com/sports-dynamics/cricket-fever/internal/db/models/cricket_teams.go:1226.25,1229.3 2 1
github.com/sports-dynamics/cricket-fever/internal/db/models/cricket_teams.go:1237.16,1239.3 1 0
github.com/sports-dynamics/cricket-fever/internal/db/models/cricket_teams.go:1247.72,1249.2 1 0
github.com/sports-dynamics/cricket-fever/internal/db/models/cricket_teams.go:1252.98,1256.23 3 1
github.com/sports-dynamics/cricket-fever/internal/db/models/cricket_teams.go:1261.2,1264.16 3 1
github.com/sports-dynamics/cricket-fever/internal/db/models/cricket_teams.go:1268.2,1268.20 1 1
github.com/sports-dynamics/cricket-fever/internal/db/models/cricket_teams.go:1256.23,1260.3 3 0
github.com/sports-dynamics/cricket-fever/internal/db/models/cricket_teams.go:1264.16,1266.3 1 0
github.com/sports-dynamics/cricket-fever/internal/db/models/cricket_teams.go:1272.92,1274.2 1 0
github.com/sports-dynamics/cricket-fever/internal/db/models/team_players.go:58.59,60.2 1 0
github.com/sports-dynamics/cricket-fever/internal/db/models/team_players.go:61.60,63.2 1 0
github.com/sports-dynamics/cricket-fever/internal/db/models/team_players.go:64.59,66.2 1 0
github.com/sports-dynamics/cricket-fever/internal/db/models/team_players.go:67.60,69.2 1 0
github.com/sports-dynamics/cricket-fever/internal/db/models/team_players.go:70.59,72.2 1 0
github.com/sports-dynamics/cricket-fever/internal/db/models/team_players.go:73.60,75.2 1 0
github.com/sports-dynamics/cricket-fever/internal/db/models/team_players.go:103.46,105.2 1 0
github.com/sports-dynamics/cricket-fever/internal/db/models/team_players.go:107.50,108.14 1 0
github.com/sports-dynamics/cricket-fever/internal/db/models/team_players.go:111.2,111.17 1 0
github.com/sports-dynamics/cricket-fever/internal/db/models/team_players.go:108.14,110.3 1 0
github.com/sports-dynamics/cricket-fever/internal/db/models/team_players.go:114.46,115.14 1 0
github.com/sports-dynamics/cricket-fever/internal/db/models/team_players.go:118.2,118.15 1 0
github.com/sports-dynamics/cricket-fever/internal/db/models/team_players.go:115.14,117.3 1 0
github.com/sports-dynamics/cricket-fever/internal/db/models/team_players.go:180.101,181.31 1 1
github.com/sports-dynamics/cricket-fever/internal/db/models/team_players.go:185.2,185.50 1 1
github.com/sports-dynamics/cricket-fever/internal/db/models/team_players.go:191.2,191.12 1 1
github.com/sports-dynamics/cricket-fever/internal/db/models/team_players.go:181.31,183.3 1 0
github.com/sports-dynamics/cricket-fever/internal/db/models/team_players.go:185.50,186.44 1 1
github.com/sports-dynamics/cricket-fever/internal/db/models/team_players.go:186.44,188.4 1 0
github.com/sports-dynamics/cricket-fever/internal/db/models/team_players.go:195.102,196.31 1 1
github.com/sports-dynamics/cricket-fever/internal/db/models/team_players.go:200.2,200.51 1 1
github.com/sports-dynamics/cricket-fever/internal/db/models/team_players.go:206.2,206.12 1 1
github.com/sports-dynamics/cricket-fever/internal/db/models/team_players.go:196.31,198.3 1 0
github.com/sports-dynamics/cricket-fever/internal/db/models/team_players.go:200.51,201.44 1 1
github.com/sports-dynamics/cricket-fever/internal/db/models/team_players.go:201.44,203.4 1 0
github.com/sports-dynamics/cricket-fever/internal/db/models/team_players.go:210.101,211.31 1 1
github.com/sports-dynamics/cricket-fever/internal/db/models/team_players.go:215.2,215.50 1 1
github.com/sports-dynamics/cricket-fever/internal/db/models/team_players.go:221.2,221.12 1 1
github.com/sports-dynamics/cricket-fever/internal/db/models/team_players.go:211.31,213.3 1 0
github.com/sports-dynamics/cricket-fever/internal/db/models/team_players.go:215.50,216.44 1 1
github.com/sports-dynamics/cricket-fever/internal/db/models/team_players.go:216.44,218.4 1 0
github.com/sports-dynamics/cricket-fever/internal/db/models/team_players.go:225.102,226.31 1 1
github.com/sports-dynamics/cricket-fever/internal/db/models/team_players.go:230.2,230.51 1 1
github.com/sports-dynamics/cricket-fever/internal/db/models/team_players.go:236.2,236.12 1 1
github.com/sports-dynamics/cricket-fever/internal/db/models/team_players.go:226.31,228.3 1 0
github.com/sports-dynamics/cricket-fever/internal/db/models/team_players.go:230.51,231.44 1 1
github.com/sports-dynamics/cricket-fever/internal/db/models/team_players.go:231.44,233.4 1 0
github.com/sports-dynamics/cricket-fever/internal/db/models/team_players.go:240.101,241.31 1 1
github.com/sports-dynamics/cricket-fever/internal/db/models/team_players.go:245.2,245.50 1 1
github.com/sports-dynamics/cricket-fever/internal/db/models/team_players.go:251.2,251.12 1 1
github.com/sports-dynamics/cricket-fever/internal/db/models/team_players.go:241.31,243.3 1 0
github.com/sports-dynamics/cricket-fever/internal/db/models/team_players.go:245.50,246.44 1 1
github.com/sports-dynamics/cricket-fever/internal/db/models/team_players.go:246.44,248.4 1 0
github.com/sports-dynamics/cricket-fever/internal/db/models/team_players.go:255.102,256.31 1 1
github.com/sports-dynamics/cricket-fever/internal/db/models/team_players.go:260.2,260.51 1 1
github.com/sports-dynamics/cricket-fever/internal/db/models/team_players.go:266.2,266.12 1 1
github.com/sports-dynamics/cricket-fever/internal/db/models/team_players.go:256.31,258.3 1 0
github.com/sports-dynamics/cricket-fever/internal/db/models/team_players.go:260.51,261.44 1 1
github.com/sports-dynamics/cricket-fever/internal/db/models/team_players.go:261.44,263.4 1 0
github.com/sports-dynamics/cricket-fever/internal/db/models/team_players.go:270.101,271.31 1 1
github.com/sports-dynamics/cricket-fever/internal/db/models/team_players.go:275.2,275.50 1 1
github.com/sports-dynamics/cricket-fever/internal/db/models/team_players.go:281.2,281.12 1 1
github.com/sports-dynamics/cricket-fever/internal/db/models/team_players.go:271.31,273.3 1 0
github.com/sports-dynamics/cricket-fever/internal/db/models/team_players.go:275.50,276.44 1 1
github.com/sports-dynamics/cricket-fever/internal/db/models/team_players.go:276.44,278.4 1 0
github.com/sports-dynamics/cricket-fever/internal/db/models/team_players.go:285.102,286.31 1 1
github.com/sports-dynamics/cricket-fever/internal/db/models/team_players.go:290.2,290.51 1 1
github.com/sports-dynamics/cricket-fever/internal/db/models/team_players.go:296.2,296.12 1 1
github.com/sports-dynamics/cricket-fever/internal/db/models/team_players.go:286.31,288.3 1 0
github.com/sports-dynamics/cricket-fever/internal/db/models/team_players.go:290.51,291.44 1 1
github.com/sports-dynamics/cricket-fever/internal/db/models/team_players.go:291.44,293.4 1 0
github.com/sports-dynamics/cricket-fever/internal/db/models/team_players.go:300.101,301.31 1 1
github.com/sports-dynamics/cricket-fever/internal/db/models/team_players.go:305.2,305.50 1 1
github.com/sports-dynamics/cricket-fever/internal/db/models/team_players.go:311.2,311.12 1 1
github.com/sports-dynamics/cricket-fever/internal/db/models/team_players.go:301.31,303.3 1 0
github.com/sports-dynamics/cricket-fever/internal/db/models/team_players.go:305.50,306.44 1 1
github.com/sports-dynamics/cricket-fever/internal/db/models/team_players.go:306.44,308.4 1 0
github.com/sports-dynamics/cricket-fever/internal/db/models/team_players.go:315.81,316.19 1 1
github.com/sports-dynamics/cricket-fever/internal/db/models/team_players.go:317.28,318.82 1 1
github.com/sports-dynamics/cricket-fever/internal/db/models/team_players.go:319.29,320.84 1 1
github.com/sports-dynamics/cricket-fever/internal/db/models/team_players.go:321.28,322.82 1 1
github.com/sports-dynamics/cricket-fever/internal/db/models/team_players.go:323.29,324.84 1 1
github.com/sports-dynamics/cricket-fever/internal/db/models/team_players.go:325.28,326.82 1 1
github.com/sports-dynamics/cricket-fever/internal/db/models/team_players.go:327.29,328.84 1 1
github.com/sports-dynamics/cricket-fever/internal/db/models/team_players.go:329.28,330.82 1 1
github.com/sports-dynamics/cricket-fever/internal/db/models/team_players.go:331.29,332.84 1 1
github.com/sports-dynamics/cricket-fever/internal/db/models/team_players.go:333.28,334.82 1 1
github.com/sports-dynamics/cricket-fever/internal/db/models/team_players.go:339.73,341.2 1 0
github.com/sports-dynamics/cricket-fever/internal/db/models/team_players.go:344.99,350.16 4 1
github.com/sports-dynamics/cricket-fever/internal/db/models/team_players.go:357.2,357.56 1 1
github.com/sports-dynamics/cricket-fever/internal/db/models/team_players.go:361.2,361.15 1 1
github.com/sports-dynamics/cricket-fever/internal/db/models/team_players.go:350.16,351.36 1 0
github.com/sports-dynamics/cricket-fever/internal/db/models/team_players.go:354.3,354.89 1 0
github.com/sports-dynamics/cricket-fever/internal/db/models/team_players.go:351.36,353.4 1 0
github.com/sports-dynamics/cricket-fever/internal/db/models/team_players.go:357.56,359.3 1 0
github.com/sports-dynamics/cricket-fever/internal/db/models/team_players.go:365.77,367.2 1 0
github.com/sports-dynamics/cricket-fever/internal/db/models/team_players.go:370.103,374.16 3 1
github.com/sports-dynamics/cricket-fever/internal/db/models/team_players.go:378.2,378.42 1 1
github.com/sports-dynamics/cricket-fever/internal/db/models/team_players.go:386.2,386.15 1 1
github.com/sports-dynamics/cricket-fever/internal/db/models/team_players.go:374.16,376.3 1 0
github.com/sports-dynamics/cricket-fever/internal/db/models/team_players.go:378.42,379.25 1 0
github.com/sports-dynamics/cricket-fever/internal/db/models/team_players.go:379.25,380.60 1 0
github.com/sports-dynamics/cricket-fever/internal/db/models/team_players.go:380.60,382.5 1 0
github.com/sports-dynamics/cricket-fever/internal/db/models/team_players.go:390.69,392.2 1 0
github.com/sports-dynamics/cricket-fever/internal/db/models/team_players.go:395.95,402.16 5 1
github.com/sports-dynamics/cricket-fever/internal/db/models/team_players.go:406.2,406.19 1 1
github.com/sports-dynamics/cricket-fever/internal/db/models/team_players.go:402.16,404.3 1 0
github.com/sports-dynamics/cricket-fever/internal/db/models/team_players.go:410.69,412.2 1 0
github.com/sports-dynamics/cricket-fever/internal/db/models/team_players.go:415.95,423.16 6 0
github.com/sports-dynamics/cricket-fever/internal/db/models/team_players.go:427.2,427.23 1 0
github.com/sports-dynamics/cricket-fever/internal/db/models/team_players.go:423.16,425.3 1 0
github.com/sports-dynamics/cricket-fever/internal/db/models/team_players.go:431.69,439.2 3 1
github.com/sports-dynamics/cricket-fever/internal/db/models/team_players.go:442.65,450.2 3 1
github.com/sports-dynamics/cricket-fever/internal/db/models/team_players.go:454.151,458.14 3 1
github.com/sports-dynamics/cricket-fever/internal/db/models/team_players.go:480.2,481.14 2 1
github.com/sports-dynamics/cricket-fever/internal/db/models/team_players.go:505.2,505.20 1 1
github.com/sports-dynamics/cricket-fever/internal/db/models/team_players.go:509.2,513.17 2 1
github.com/sports-dynamics/cricket-fever/internal/db/models/team_players.go:517.2,518.16 2 1
github.com/sports-dynamics/cricket-fever/internal/db/models/team_players.go:522.2,523.59 2 1
github.com/sports-dynamics/cricket-fever/internal/db/models/team_players.go:527.2,527.39 1 1
github.com/sports-dynamics/cricket-fever/internal/db/models/team_players.go:530.2,530.37 1 1
github.com/sports-dynamics/cricket-fever/internal/db/models/team_players.go:534.2,534.45 1 1
github.com/sports-dynamics/cricket-fever/internal/db/models/team_players.go:542.2,542.27 1 1
github.com/sports-dynamics/cricket-fever/internal/db/models/team_players.go:546.2,546.14 1 1
github.com/sports-dynamics/cricket-fever/internal/db/models/team_players.go:556.2,556.30 1 1
github.com/sports-dynamics/cricket-fever/internal/db/models/team_players.go:569.2,569.12 1 1
github.com/sports-dynamics/cricket-fever/internal/db/models/team_players.go:458.14,461.10 3 1
github.com/sports-dynamics/cricket-fever/internal/db/models/team_players.go:461.10,464.11 3 0
github.com/sports-dynamics/cricket-fever/internal/db/models/team_players.go:464.11,466.5 1 0
github.com/sports-dynamics/cricket-fever/internal/db/models/team_players.go:468.8,470.9 2 1
github.com/sports-dynamics/cricket-fever/internal/db/models/team_players.go:470.9,472.4 1 1
github.com/sports-dynamics/cricket-fever/internal/db/models/team_players.go:472.9,474.11 2 0
github.com/sports-dynamics/cricket-fever/internal/db/models/team_players.go:474.11,476.5 1 0
github.com/sports-dynamics/cricket-fever/internal/db/models/team_players.go:481.14,482.22 1 1
github.com/sports-dynamics/cricket-fever/internal/db/models/team_players.go:485.3,485.39 1 1
github.com/sports-dynamics/cricket-fever/internal/db/models/team_players.go:482.22,484.4 1 0
github.com/sports-dynamics/cricket-fever/internal/db/models/team_players.go:487.8,489.29 1 1
github.com/sports-dynamics/cricket-fever/internal/db/models/team_players.go:489.29,490.20 1 1
github.com/sports-dynamics/cricket-fever/internal/db/models/team_players.go:494.4,494.27 1 1
github.com/sports-dynamics/cricket-fever/internal/db/models/team_players.go:500.4,500.37 1 1
github.com/sports-dynamics/cricket-fever/internal/db/models/team_players.go:490.20,492.5 1 1
github.com/sports-dynamics/cricket-fever/internal/db/models/team_players.go:494.27,495.26 1 0
github.com/sports-dynamics/cricket-fever/internal/db/models/team_players.go:495.26,496.20 1 0
github.com/sports-dynamics/cricket-fever/internal/db/models/team_players.go:505.20,507.3 1 0
github.com/sports-dynamics/cricket-fever/internal/db/models/team_players.go:513.17,515.3 1 0
github.com/sports-dynamics/cricket-fever/internal/db/models/team_players.go:518.16,520.3 1 0
github.com/sports-dynamics/cricket-fever/internal/db/models/team_players.go:523.59,525.3 1 0
github.com/sports-dynamics/cricket-fever/internal/db/models/team_players.go:527.39,529.3 1 0
github.com/sports-dynamics/cricket-fever/internal/db/models/team_players.go:530.37,532.3 1 0
github.com/sports-dynamics/cricket-fever/internal/db/models/team_players.go:534.45,535.35 1 1
github.com/sports-dynamics/cricket-fever/internal/db/models/team_players.go:535.35,536.57 1 1
github.com/sports-dynamics/cricket-fever/internal/db/models/team_players.go:536.57,538.5 1 0
github.com/sports-dynamics/cricket-fever/internal/db/models/team_players.go:542.27,544.3 1 0
github.com/sports-dynamics/cricket-fever/internal/db/models/team_players.go:546.14,549.23 3 1
github.com/sports-dynamics/cricket-fever/internal/db/models/team_players.go:552.3,553.13 2 1
github.com/sports-dynamics/cricket-fever/internal/db/models/team_players.go:549.23,551.4 1 1
github.com/sports-dynamics/cricket-fever/internal/db/models/team_players.go:556.30,557.39 1 1
github.com/sports-dynamics/cricket-fever/internal/db/models/team_players.go:557.39,558.42 1 1
github.com/sports-dynamics/cricket-fever/internal/db/models/team_players.go:558.42,560.25 2 1
github.com/sports-dynamics/cricket-fever/internal/db/models/team_players.go:563.5,564.10 2 1
github.com/sports-dynamics/cricket-fever/internal/db/models/team_players.go:560.25,562.6 1 1
github.com/sports-dynamics/cricket-fever/internal/db/models/team_players.go:574.149,578.14 3 1
github.com/sports-dynamics/cricket-fever/internal/db/models/team_players.go:600.2,601.14 2 1
github.com/sports-dynamics/cricket-fever/internal/db/models/team_players.go:625.2,625.20 1 1
github.com/sports-dynamics/cricket-fever/internal/db/models/team_players.go:629.2,633.17 2 1
github.com/sports-dynamics/cricket-fever/internal/db/models/team_players.go:637.2,638.16 2 1
github.com/sports-dynamics/cricket-fever/internal/db/models/team_players.go:642.2,643.59 2 1
github.com/sports-dynamics/cricket-fever/internal/db/models/team_players.go:647.2,647.39 1 1
github.com/sports-dynamics/cricket-fever/internal/db/models/team_players.go:650.2,650.37 1 1
github.com/sports-dynamics/cricket-fever/internal/db/models/team_players.go:654.2,654.43 1 1
github.com/sports-dynamics/cricket-fever/internal/db/models/team_players.go:662.2,662.27 1 1
github.com/sports-dynamics/cricket-fever/internal/db/models/team_players.go:666.2,666.14 1 1
github.com/sports-dynamics/cricket-fever/internal/db/models/team_players.go:676.2,676.30 1 1
github.com/sports-dynamics/cricket-fever/internal/db/models/team_players.go:689.2,689.12 1 1
github.com/sports-dynamics/cricket-fever/internal/db/models/team_players.go:578.14,581.10 3 1
github.com/sports-dynamics/cricket-fever/internal/db/models/team_players.go:581.10,584.11 3 0
github.com/sports-dynamics/cricket-fever/internal/db/models/team_players.go:584.11,586.5 1 0
github.com/sports-dynamics/cricket-fever/internal/db/models/team_players.go:588.8,590.9 2 1
github.com/sports-dynamics/cricket-fever/internal/db/models/team_players.go:590.9,592.4 1 1
github.com/sports-dynamics/cricket-fever/internal/db/models/team_players.go:592.9,594.11 2 0
github.com/sports-dynamics/cricket-fever/internal/db/models/team_players.go:594.11,596.5 1 0
github.com/sports-dynamics/cricket-fever/internal/db/models/team_players.go:601.14,602.22 1 1
github.com/sports-dynamics/cricket-fever/internal/db/models/team_players.go:605.3,605.37 1 1
github.com/sports-dynamics/cricket-fever/internal/db/models/team_players.go:602.22,604.4 1 0
github.com/sports-dynamics/cricket-fever/internal/db/models/team_players.go:607.8,609.29 1 1
github.com/sports-dynamics/cricket-fever/internal/db/models/team_players.go:609.29,610.20 1 1
github.com/sports-dynamics/cricket-fever/internal/db/models/team_players.go:614.4,614.27 1 1
github.com/sports-dynamics/cricket-fever/internal/db/models/team_players.go:620.4,620.35 1 1
github.com/sports-dynamics/cricket-fever/internal/db/models/team_players.go:610.20,612.5 1 1
github.com/sports-dynamics/cricket-fever/internal/db/models/team_players.go:614.27,615.24 1 0
github.com/sports-dynamics/cricket-fever/internal/db/models/team_players.go:615.24,616.20 1 0
github.com/sports-dynamics/cricket-fever/internal/db/models/team_players.go:625.20,627.3 1 0
github.com/sports-dynamics/cricket-fever/internal/db/models/team_players.go:633.17,635.3 1 0
github.com/sports-dynamics/cricket-fever/internal/db/models/team_players.go:638.16,640.3 1 0
github.com/sports-dynamics/cricket-fever/internal/db/models/team_players.go:643.59,645.3 1 0
github.com/sports-dynamics/cricket-fever/internal/db/models/team_players.go:647.39,649.3 1 0
github.com/sports-dynamics/cricket-fever/internal/db/models/team_players.go:650.37,652.3 1 0
github.com/sports-dynamics/cricket-fever/internal/db/models/team_players.go:654.43,655.35 1 1
github.com/sports-dynamics/cricket-fever/internal/db/models/team_players.go:655.35,656.57 1 1
github.com/sports-dynamics/cricket-fever/internal/db/models/team_players.go:656.57,658.5 1 0
github.com/sports-dynamics/cricket-fever/internal/db/models/team_players.go:662.27,664.3 1 0
github.com/sports-dynamics/cricket-fever/internal/db/models/team_players.go:666.14,669.23 3 1
github.com/sports-dynamics/cricket-fever/internal/db/models/team_players.go:672.3,673.13 2 1
github.com/sports-dynamics/cricket-fever/internal/db/models/team_players.go:669.23,671.4 1 1
github.com/sports-dynamics/cricket-fever/internal/db/models/team_players.go:676.30,677.39 1 1
github.com/sports-dynamics/cricket-fever/internal/db/models/team_players.go:677.39,678.38 1 1
github.com/sports-dynamics/cricket-fever/internal/db/models/team_players.go:678.38,680.25 2 1
github.com/sports-dynamics/cricket-fever/internal/db/models/team_players.go:683.5,684.10 2 1
github.com/sports-dynamics/cricket-fever/internal/db/models/team_players.go:680.25,682.6 1 1
github.com/sports-dynamics/cricket-fever/internal/db/models/team_players.go:696.97,698.2 1 0
github.com/sports-dynamics/cricket-fever/internal/db/models/team_players.go:703.123,705.12 2 1
github.com/sports-dynamics/cricket-fever/internal/db/models/team_players.go:711.2,718.23 3 1
github.com/sports-dynamics/cricket-fever/internal/db/models/team_players.go:723.2,723.72 1 1
github.com/sports-dynamics/cricket-fever/internal/db/models/team_players.go:727.2,728.16 2 1
github.com/sports-dynamics/cricket-fever/internal/db/models/team_players.go:736.2,736.22 1 1
github.com/sports-dynamics/cricket-fever/internal/db/models/team_players.go:744.2,744.12 1 1
github.com/sports-dynamics/cricket-fever/internal/db/models/team_players.go:705.12,706.64 1 1
github.com/sports-dynamics/cricket-fever/internal/db/models/team_players.go:706.64,708.4 1 0
github.com/sports-dynamics/cricket-fever/internal/db/models/team_players.go:718.23,722.3 3 0
github.com/sports-dynamics/cricket-fever/internal/db/models/team_players.go:723.72,725.3 1 0
github.com/sports-dynamics/cricket-fever/internal/db/models/team_players.go:728.16,732.3 1 1
github.com/sports-dynamics/cricket-fever/internal/db/models/team_players.go:732.8,734.3 1 1
github.com/sports-dynamics/cricket-fever/internal/db/models/team_players.go:736.22,740.3 1 1
github.com/sports-dynamics/cricket-fever/internal/db/models/team_players.go:740.8,742.3 1 0
github.com/sports-dynamics/cricket-fever/internal/db/models/team_players.go:751.93,753.2 1 0
github.com/sports-dynamics/cricket-fever/internal/db/models/team_players.go:758.119,760.12 2 1
github.com/sports-dynamics/cricket-fever/internal/db/models/team_players.go:766.2,773.23 3 1
github.com/sports-dynamics/cricket-fever/internal/db/models/team_players.go:778.2,778.72 1 1
github.com/sports-dynamics/cricket-fever/internal/db/models/team_players.go:782.2,783.16 2 1
github.com/sports-dynamics/cricket-fever/internal/db/models/team_players.go:791.2,791.22 1 1
github.com/sports-dynamics/cricket-fever/internal/db/models/team_players.go:799.2,799.12 1 1
github.com/sports-dynamics/cricket-fever/internal/db/models/team_players.go:760.12,761.64 1 1
github.com/sports-dynamics/cricket-fever/internal/db/models/team_players.go:761.64,763.4 1 0
github.com/sports-dynamics/cricket-fever/internal/db/models/team_players.go:773.23,777.3 3 0
github.com/sports-dynamics/cricket-fever/internal/db/models/team_players.go:778.72,780.3 1 0
github.com/sports-dynamics/cricket-fever/internal/db/models/team_players.go:783.16,787.3 1 1
github.com/sports-dynamics/cricket-fever/internal/db/models/team_players.go:787.8,789.3 1 1
github.com/sports-dynamics/cricket-fever/internal/db/models/team_players.go:791.22,795.3 1 1
github.com/sports-dynamics/cricket-fever/internal/db/models/team_players.go:795.8,797.3 1 0
github.com/sports-dynamics/cricket-fever/internal/db/models/team_players.go:803.55,806.36 3 1
github.com/sports-dynamics/cricket-fever/internal/db/models/team_players.go:810.2,810.27 1 1
github.com/sports-dynamics/cricket-fever/internal/db/models/team_players.go:806.36,808.3 1 1
github.com/sports-dynamics/cricket-fever/internal/db/models/team_players.go:814.135,816.2 1 0
github.com/sports-dynamics/cricket-fever/internal/db/models/team_players.go:820.161,824.25 3 1
github.com/sports-dynamics/cricket-fever/internal/db/models/team_players.go:827.2,834.16 4 1
github.com/sports-dynamics/cricket-fever/internal/db/models/team_players.go:841.2,841.67 1 1
github.com/sports-dynamics/cricket-fever/internal/db/models/team_players.go:845.2,845.27 1 1
github.com/sports-dynamics/cricket-fever/internal/db/models/team_players.go:824.25,826.3 1 0
github.com/sports-dynamics/cricket-fever/internal/db/models/team_players.go:834.16,835.36 1 0
github.com/sports-dynamics/cricket-fever/internal/db/models/team_players.go:838.3,838.77 1 0
github.com/sports-dynamics/cricket-fever/internal/db/models/team_players.go:835.36,837.4 1 0
github.com/sports-dynamics/cricket-fever/internal/db/models/team_players.go:841.67,843.3 1 0
github.com/sports-dynamics/cricket-fever/internal/db/models/team_players.go:849.79,851.2 1 0
github.com/sports-dynamics/cricket-fever/internal/db/models/team_players.go:855.105,856.14 1 1
github.com/sports-dynamics/cricket-fever/internal/db/models/team_players.go:860.2,862.57 2 1
github.com/sports-dynamics/cricket-fever/internal/db/models/team_players.go:866.2,873.13 6 1
github.com/sports-dynamics/cricket-fever/internal/db/models/team_players.go:904.2,907.23 3 1
github.com/sports-dynamics/cricket-fever/internal/db/models/team_players.go:913.2,913.32 1 1
github.com/sports-dynamics/cricket-fever/internal/db/models/team_players.go:919.2,919.16 1 1
github.com/sports-dynamics/cricket-fever/internal/db/models/team_players.go:923.2,923.13 1 1
github.com/sports-dynamics/cricket-fever/internal/db/models/team_players.go:929.2,929.40 1 1
github.com/sports-dynamics/cricket-fever/internal/db/models/team_players.go:856.14,858.3 1 0
github.com/sports-dynamics/cricket-fever/internal/db/models/team_players.go:862.57,864.3 1 0
github.com/sports-dynamics/cricket-fever/internal/db/models/team_players.go:873.13,882.17 3 1
github.com/sports-dynamics/cricket-fever/internal/db/models/team_players.go:885.3,886.17 2 1
github.com/sports-dynamics/cricket-fever/internal/db/models/team_players.go:889.3,889.19 1 1
github.com/sports-dynamics/cricket-fever/internal/db/models/team_players.go:895.3,897.33 2 1
github.com/sports-dynamics/cricket-fever/internal/db/models/team_players.go:901.3,901.70 1 1
github.com/sports-dynamics/cricket-fever/internal/db/models/team_players.go:882.17,884.4 1 0
github.com/sports-dynamics/cricket-fever/internal/db/models/team_players.go:886.17,888.4 1 0
github.com/sports-dynamics/cricket-fever/internal/db/models/team_players.go:889.19,891.4 1 1
github.com/sports-dynamics/cricket-fever/internal/db/models/team_players.go:891.9,893.4 1 0
github.com/sports-dynamics/cricket-fever/internal/db/models/team_players.go:897.33,899.4 1 0
github.com/sports-dynamics/cricket-fever/internal/db/models/team_players.go:907.23,911.3 3 0
github.com/sports-dynamics/cricket-fever/internal/db/models/team_players.go:913.32,915.3 1 0
github.com/sports-dynamics/cricket-fever/internal/db/models/team_players.go:915.8,917.3 1 1
github.com/sports-dynamics/cricket-fever/internal/db/models/team_players.go:919.16,921.3 1 0
github.com/sports-dynamics/cricket-fever/internal/db/models/team_players.go:923.13,927.3 3 1
github.com/sports-dynamics/cricket-fever/internal/db/models/team_players.go:934.88,936.2 1 0
github.com/sports-dynamics/cricket-fever/internal/db/models/team_players.go:941.114,943.56 2 0
github.com/sports-dynamics/cricket-fever/internal/db/models/team_players.go:946.2,951.13 5 0
github.com/sports-dynamics/cricket-fever/internal/db/models/team_players.go:974.2,976.23 2 0
github.com/sports-dynamics/cricket-fever/internal/db/models/team_players.go:981.2,983.16 3 0
github.com/sports-dynamics/cricket-fever/internal/db/models/team_players.go:987.2,988.16 2 0
github.com/sports-dynamics/cricket-fever/internal/db/models/team_players.go:992.2,992.13 1 0
github.com/sports-dynamics/cricket-fever/internal/db/models/team_players.go:998.2,998.49 1 0
github.com/sports-dynamics/cricket-fever/internal/db/models/team_players.go:943.56,945.3 1 0
github.com/sports-dynamics/cricket-fever/internal/db/models/team_players.go:951.13,957.29 2 0
github.com/sports-dynamics/cricket-fever/internal/db/models/team_players.go:960.3,960.19 1 0
github.com/sports-dynamics/cricket-fever/internal/db/models/team_players.go:964.3,969.17 3 0
github.com/sports-dynamics/cricket-fever/internal/db/models/team_players.go:957.29,959.4 1 0
github.com/sports-dynamics/cricket-fever/internal/db/models/team_players.go:960.19,962.4 1 0
github.com/sports-dynamics/cricket-fever/internal/db/models/team_players.go:969.17,971.4 1 0
github.com/sports-dynamics/cricket-fever/internal/db/models/team_players.go:976.23,980.3 3 0
github.com/sports-dynamics/cricket-fever/internal/db/models/team_players.go:983.16,985.3 1 0
github.com/sports-dynamics/cricket-fever/internal/db/models/team_players.go:988.16,990.3 1 0
github.com/sports-dynamics/cricket-fever/internal/db/models/team_players.go:992.13,996.3 3 0
github.com/sports-dynamics/cricket-fever/internal/db/models/team_players.go:1002.81,1004.2 1 0
github.com/sports-dynamics/cricket-fever/internal/db/models/team_players.go:1007.107,1011.16 3 0
github.com/sports-dynamics/cricket-fever/internal/db/models/team_players.go:1015.2,1016.16 2 0
github.com/sports-dynamics/cricket-fever/internal/db/models/team_players.go:1020.2,1020.21 1 0
github.com/sports-dynamics/cricket-fever/internal/db/models/team_players.go:1011.16,1013.3 1 0
github.com/sports-dynamics/cricket-fever/internal/db/models/team_players.go:1016.16,1018.3 1 0
github.com/sports-dynamics/cricket-fever/internal/db/models/team_players.go:1024.81,1026.2 1 0
github.com/sports-dynamics/cricket-fever/internal/db/models/team_players.go:1029.107,1031.13 2 0
github.com/sports-dynamics/cricket-fever/internal/db/models/team_players.go:1035.2,1035.20 1 0
github.com/sports-dynamics/cricket-fever/internal/db/models/team_players.go:1039.2,1043.32 4 0
github.com/sports-dynamics/cricket-fever/internal/db/models/team_players.go:1050.2,1050.24 1 0
github.com/sports-dynamics/cricket-fever/internal/db/models/team_players.go:1055.2,1059.23 2 0
github.com/sports-dynamics/cricket-fever/internal/db/models/team_players.go:1064.2,1065.16 2 0
github.com/sports-dynamics/cricket-fever/internal/db/models/team_players.go:1069.2,1070.16 2 0
github.com/sports-dynamics/cricket-fever/internal/db/models/team_players.go:1073.2,1073.21 1 0
github.com/sports-dynamics/cricket-fever/internal/db/models/team_players.go:1031.13,1033.3 1 0
github.com/sports-dynamics/cricket-fever/internal/db/models/team_players.go:1035.20,1037.3 1 0
github.com/sports-dynamics/cricket-fever/internal/db/models/team_players.go:1043.32,1047.3 3 0
github.com/sports-dynamics/cricket-fever/internal/db/models/team_players.go:1050.24,1053.3 2 0
github.com/sports-dynamics/cricket-fever/internal/db/models/team_players.go:1059.23,1063.3 3 0
github.com/sports-dynamics/cricket-fever/internal/db/models/team_players.go:1065.16,1067.3 1 0
github.com/sports-dynamics/cricket-fever/internal/db/models/team_players.go:1070.16,1072.3 1 0
github.com/sports-dynamics/cricket-fever/internal/db/models/team_players.go:1077.149,1079.2 1 0
github.com/sports-dynamics/cricket-fever/internal/db/models/team_players.go:1083.175,1084.14 1 0
github.com/sports-dynamics/cricket-fever/internal/db/models/team_players.go:1088.2,1088.57 1 0
github.com/sports-dynamics/cricket-fever/internal/db/models/team_players.go:1092.2,1096.22 3 0
github.com/sports-dynamics/cricket-fever/internal/db/models/team_players.go:1101.2,1102.36 2 0
github.com/sports-dynamics/cricket-fever/internal/db/models/team_players.go:1105.2,1107.39 3 0
github.com/sports-dynamics/cricket-fever/internal/db/models/team_players.go:1110.2,1112.39 3 0
github.com/sports-dynamics/cricket-fever/internal/db/models/team_players.go:1115.2,1116.31 2 0
github.com/sports-dynamics/cricket-fever/internal/db/models/team_players.go:1119.2,1128.13 7 0
github.com/sports-dynamics/cricket-fever/internal/db/models/team_players.go:1164.2,1167.32 4 0
github.com/sports-dynamics/cricket-fever/internal/db/models/team_players.go:1171.2,1171.23 1 0
github.com/sports-dynamics/cricket-fever/internal/db/models/team_players.go:1176.2,1176.32 1 0
github.com/sports-dynamics/cricket-fever/internal/db/models/team_players.go:1184.2,1184.16 1 0
github.com/sports-dynamics/cricket-fever/internal/db/models/team_players.go:1188.2,1188.13 1 0
github.com/sports-dynamics/cricket-fever/internal/db/models/team_players.go:1194.2,1194.40 1 0
github.com/sports-dynamics/cricket-fever/internal/db/models/team_players.go:1084.14,1086.3 1 0
github.com/sports-dynamics/cricket-fever/internal/db/models/team_players.go:1088.57,1090.3 1 0
github.com/sports-dynamics/cricket-fever/internal/db/models/team_players.go:1096.22,1098.3 1 0
github.com/sports-dynamics/cricket-fever/internal/db/models/team_players.go:1098.8,1100.3 1 0
github.com/sports-dynamics/cricket-fever/internal/db/models/team_players.go:1102.36,1104.3 1 0
github.com/sports-dynamics/cricket-fever/internal/db/models/team_players.go:1107.39,1109.3 1 0
github.com/sports-dynamics/cricket-fever/internal/db/models/team_players.go:1112.39,1114.3 1 0
github.com/sports-dynamics/cricket-fever/internal/db/models/team_players.go:1116.31,1118.3 1 0
github.com/sports-dynamics/cricket-fever/internal/db/models/team_players.go:1128.13,1141.43 3 0
github.com/sports-dynamics/cricket-fever/internal/db/models/team_players.go:1145.3,1146.25 2 0
github.com/sports-dynamics/cricket-fever/internal/db/models/team_players.go:1150.3,1153.17 3 0
github.com/sports-dynamics/cricket-fever/internal/db/models/team_players.go:1156.3,1156.20 1 0
github.com/sports-dynamics/cricket-fever/internal/db/models/team_players.go:1141.43,1143.4 1 0
github.com/sports-dynamics/cricket-fever/internal/db/models/team_players.go:1146.25,1149.4 2 0
github.com/sports-dynamics/cricket-fever/internal/db/models/team_players.go:1153.17,1155.4 1 0
github.com/sports-dynamics/cricket-fever/internal/db/models/team_players.go:1156.20,1158.18 2 0
github.com/sports-dynamics/cricket-fever/internal/db/models/team_players.go:1158.18,1160.5 1 0
github.com/sports-dynamics/cricket-fever/internal/db/models/team_players.go:1167.32,1169.3 1 0
github.com/sports-dynamics/cricket-fever/internal/db/models/team_players.go:1171.23,1175.3 3 0
github.com/sports-dynamics/cricket-fever/internal/db/models/team_players.go:1176.32,1178.36 2 0
github.com/sports-dynamics/cricket-fever/internal/db/models/team_players.go:1178.36,1180.4 1 0
github.com/sports-dynamics/cricket-fever/internal/db/models/team_players.go:1181.8,1183.3 1 0
github.com/sports-dynamics/cricket-fever/internal/db/models/team_players.go:1184.16,1186.3 1 0
github.com/sports-dynamics/cricket-fever/internal/db/models/team_players.go:1188.13,1192.3 3 0
github.com/sports-dynamics/cricket-fever/internal/db/models/team_players.go:1199.66,1201.2 1 0
github.com/sports-dynamics/cricket-fever/internal/db/models/team_players.go:1205.92,1206.14 1 1
github.com/sports-dynamics/cricket-fever/internal/db/models/team_players.go:1210.2,1210.57 1 1
github.com/sports-dynamics/cricket-fever/internal/db/models/team_players.go:1214.2,1217.23 3 1
github.com/sports-dynamics/cricket-fever/internal/db/models/team_players.go:1222.2,1223.16 2 1
github.com/sports-dynamics/cricket-fever/internal/db/models/team_players.go:1227.2,1228.16 2 1
github.com/sports-dynamics/cricket-fever/internal/db/models/team_players.go:1232.2,1232.56 1 1
github.com/sports-dynamics/cricket-fever/internal/db/models/team_players.go:1236.2,1236.21 1 1
github.com/sports-dynamics/cricket-fever/internal/db/models/team_players.go:1206.14,1208.3 1 0
github.com/sports-dynamics/cricket-fever/internal/db/models/team_players.go:1210.57,1212.3 1 0
github.com/sports-dynamics/cricket-fever/internal/db/models/team_players.go:1217.23,1221.3 3 0
github.com/sports-dynamics/cricket-fever/internal/db/models/team_players.go:1223.16,1225.3 1 0
github.com/sports-dynamics/cricket-fever/internal/db/models/team_players.go:1228.16,1230.3 1 0
github.com/sports-dynamics/cricket-fever/internal/db/models/team_players.go:1232.56,1234.3 1 0
github.com/sports-dynamics/cricket-fever/internal/db/models/team_players.go:1239.73,1241.2 1 0
github.com/sports-dynamics/cricket-fever/internal/db/models/team_players.go:1244.99,1245.20 1 1
github.com/sports-dynamics/cricket-fever/internal/db/models/team_players.go:1249.2,1252.16 3 1
github.com/sports-dynamics/cricket-fever/internal/db/models/team_players.go:1256.2,1257.16 2 1
github.com/sports-dynamics/cricket-fever/internal/db/models/team_players.go:1261.2,1261.21 1 1
github.com/sports-dynamics/cricket-fever/internal/db/models/team_players.go:1245.20,1247.3 1 0
github.com/sports-dynamics/cricket-fever/internal/db/models/team_players.go:1252.16,1254.3 1 0
github.com/sports-dynamics/cricket-fever/internal/db/models/team_players.go:1257.16,1259.3 1 0
github.com/sports-dynamics/cricket-fever/internal/db/models/team_players.go:1265.73,1267.2 1 0
github.com/sports-dynamics/cricket-fever/internal/db/models/team_players.go:1270.99,1271.17 1 1
github.com/sports-dynamics/cricket-fever/internal/db/models/team_players.go:1275.2,1275.43 1 1
github.com/sports-dynamics/cricket-fever/internal/db/models/team_players.go:1283.2,1284.24 2 1
github.com/sports-dynamics/cricket-fever/internal/db/models/team_players.go:1289.2,1292.23 2 1
github.com/sports-dynamics/cricket-fever/internal/db/models/team_players.go:1297.2,1298.16 2 1
github.com/sports-dynamics/cricket-fever/internal/db/models/team_players.go:1302.2,1303.16 2 1
github.com/sports-dynamics/cricket-fever/internal/db/models/team_players.go:1307.2,1307.42 1 1
github.com/sports-dynamics/cricket-fever/internal/db/models/team_players.go:1315.2,1315.21 1 1
github.com/sports-dynamics/cricket-fever/internal/db/models/team_players.go:1271.17,1273.3 1 0
github.com/sports-dynamics/cricket-fever/internal/db/models/team_players.go:1275.43,1276.25 1 0
github.com/sports-dynamics/cricket-fever/internal/db/models/team_players.go:1276.25,1277.61 1 0
github.com/sports-dynamics/cricket-fever/internal/db/models/team_players.go:1277.61,1279.5 1 0
github.com/sports-dynamics/cricket-fever/internal/db/models/team_players.go:1284.24,1287.3 2 1
[...]
github.com/sports-dynamics/cricket-fever/internal/db/models/migrations.go:282.44,284.4 1 0
github.com/sports-dynamics/cricket-fever/internal/db/models/migrations.go:291.78,292.19 1 1
github.com/sports-dynamics/cricket-fever/internal/db/models/migrations.go:293.28,294.79 1 1
github.com/sports-dynamics/cricket-fever/internal/db/models/migrations.go:295.29,296.81 1 1
github.com/sports-dynamics/cricket-fever/internal/db/models/migrations.go:297.28,298.79 1 1
github.com/sports-dynamics/cricket-fever/internal/db/models/migrations.go:299.29,300.81 1 1
github.com/sports-dynamics/cricket-fever/internal/db/models/migrations.go:301.28,302.79 1 1
github.com/sports-dynamics/cricket-fever/internal/db/models/migrations.go:303.29,304.81 1 1
github.com/sports-dynamics/cricket-fever/internal/db/models/migrations.go:305.28,306.79 1 1
github.com/sports-dynamics/cricket-fever/internal/db/models/migrations.go:307.29,308.81 1 1
github.com/sports-dynamics/cricket-fever/internal/db/models/migrations.go:309.28,310.79 1 1
github.com/sports-dynamics/cricket-fever/internal/db/models/migrations.go:315.71,317.2 1 0
github.com/sports-dynamics/cricket-fever/internal/db/models/migrations.go:320.97,326.16 4 1
github.com/sports-dynamics/cricket-fever/internal/db/models/migrations.go:333.2,333.56 1 1
github.com/sports-dynamics/cricket-fever/internal/db/models/migrations.go:337.2,337.15 1 1
github.com/sports-dynamics/cricket-fever/internal/db/models/migrations.go:326.16,327.36 1 0
github.com/sports-dynamics/cricket-fever/internal/db/models/migrations.go:330.3,330.87 1 0
github.com/sports-dynamics/cricket-fever/internal/db/models/migrations.go:327.36,329.4 1 0
github.com/sports-dynamics/cricket-fever/internal/db/models/migrations.go:333.56,335.3 1 0
github.com/sports-dynamics/cricket-fever/internal/db/models/migrations.go:341.75,343.2 1 0
github.com/sports-dynamics/cricket-fever/internal/db/models/migrations.go:346.101,350.16 3 1
github.com/sports-dynamics/cricket-fever/internal/db/models/migrations.go:354.2,354.41 1 1
github.com/sports-dynamics/cricket-fever/internal/db/models/migrations.go:362.2,362.15 1 1
github.com/sports-dynamics/cricket-fever/internal/db/models/migrations.go:350.16,352.3 1 0
github.com/sports-dynamics/cricket-fever/internal/db/models/migrations.go:354.41,355.25 1 0
github.com/sports-dynamics/cricket-fever/internal/db/models/migrations.go:355.25,356.60 1 0
github.com/sports-dynamics/cricket-fever/internal/db/models/migrations.go:356.60,358.5 1 0
github.com/sports-dynamics/cricket-fever/internal/db/models/migrations.go:366.68,368.2 1 0
github.com/sports-dynamics/cricket-fever/internal/db/models/migrations.go:371.94,378.16 5 1
github.com/sports-dynamics/cricket-fever/internal/db/models/migrations.go:382.2,382.19 1 1
github.com/sports-dynamics/cricket-fever/internal/db/models/migrations.go:378.16,380.3 1 0
github.com/sports-dynamics/cricket-fever/internal/db/models/migrations.go:386.68,388.2 1 0
github.com/sports-dynamics/cricket-fever/internal/db/models/migrations.go:391.94,399.16 6 0
github.com/sports-dynamics/cricket-fever/internal/db/models/migrations.go:403.2,403.23 1 0
github.com/sports-dynamics/cricket-fever/internal/db/models/migrations.go:399.16,401.3 1 0
github.com/sports-dynamics/cricket-fever/internal/db/models/migrations.go:407.53,410.36 3 1
github.com/sports-dynamics/cricket-fever/internal/db/models/migrations.go:414.2,414.26 1 1
github.com/sports-dynamics/cricket-fever/internal/db/models/migrations.go:410.36,412.3 1 1
github.com/sports-dynamics/cricket-fever/internal/db/models/migrations.go:418.95,420.2 1 0
github.com/sports-dynamics/cricket-fever/internal/db/models/migrations.go:424.121,428.25 3 1
github.com/sports-dynamics/cricket-fever/internal/db/models/migrations.go:431.2,438.16 4 1
github.com/sports-dynamics/cricket-fever/internal/db/models/migrations.go:445.2,445.66 1 1
github.com/sports-dynamics/cricket-fever/internal/db/models/migrations.go:449.2,449.26 1 1
github.com/sports-dynamics/cricket-fever/internal/db/models/migrations.go:428.25,430.3 1 0
github.com/sports-dynamics/cricket-fever/internal/db/models/migrations.go:438.16,439.36 1 0
github.com/sports-dynamics/cricket-fever/internal/db/models/migrations.go:442.3,442.75 1 0
github.com/sports-dynamics/cricket-fever/internal/db/models/migrations.go:439.36,441.4 1 0
github.com/sports-dynamics/cricket-fever/internal/db/models/migrations.go:445.66,447.3 1 0
github.com/sports-dynamics/cricket-fever/internal/db/models/migrations.go:453.78,455.2 1 0
github.com/sports-dynamics/cricket-fever/internal/db/models/migrations.go:459.104,460.14 1 1
github.com/sports-dynamics/cricket-fever/internal/db/models/migrations.go:464.2,466.57 2 1
github.com/sports-dynamics/cricket-fever/internal/db/models/migrations.go:470.2,477.13 6 1
github.com/sports-dynamics/cricket-fever/internal/db/models/migrations.go:508.2,511.23 3 1
github.com/sports-dynamics/cricket-fever/internal/db/models/migrations.go:517.2,517.32 1 1
github.com/sports-dynamics/cricket-fever/internal/db/models/migrations.go:523.2,523.16 1 1
github.com/sports-dynamics/cricket-fever/internal/db/models/migrations.go:527.2,527.13 1 1
github.com/sports-dynamics/cricket-fever/internal/db/models/migrations.go:533.2,533.40 1 1
github.com/sports-dynamics/cricket-fever/internal/db/models/migrations.go:460.14,462.3 1 0
github.com/sports-dynamics/cricket-fever/internal/db/models/migrations.go:466.57,468.3 1 0
github.com/sports-dynamics/cricket-fever/internal/db/models/migrations.go:477.13,486.17 3 1
github.com/sports-dynamics/cricket-fever/internal/db/models/migrations.go:489.3,490.17 2 1
github.com/sports-dynamics/cricket-fever/internal/db/models/migrations.go:493.3,493.19 1 1
github.com/sports-dynamics/cricket-fever/internal/db/models/migrations.go:499.3,501.33 2 1
github.com/sports-dynamics/cricket-fever/internal/db/models/migrations.go:505.3,505.70 1 1
github.com/sports-dynamics/cricket-fever/internal/db/models/migrations.go:486.17,488.4 1 0
github.com/sports-dynamics/cricket-fever/internal/db/models/migrations.go:490.17,492.4 1 0
github.com/sports-dynamics/cricket-fever/internal/db/models/migrations.go:493.19,495.4 1 1
github.com/sports-dynamics/cricket-fever/internal/db/models/migrations.go:495.9,497.4 1 0
github.com/sports-dynamics/cricket-fever/internal/db/models/migrations.go:501.33,503.4 1 1
github.com/sports-dynamics/cricket-fever/internal/db/models/migrations.go:511.23,515.3 3 0
github.com/sports-dynamics/cricket-fever/internal/db/models/migrations.go:517.32,519.3 1 1
github.com/sports-dynamics/cricket-fever/internal/db/models/migrations.go:519.8,521.3 1 0
github.com/sports-dynamics/cricket-fever/internal/db/models/migrations.go:523.16,525.3 1 0
github.com/sports-dynamics/cricket-fever/internal/db/models/migrations.go:527.13,531.3 3 1
github.com/sports-dynamics/cricket-fever/internal/db/models/migrations.go:538.87,540.2 1 0
github.com/sports-dynamics/cricket-fever/internal/db/models/migrations.go:545.113,547.56 2 1
github.com/sports-dynamics/cricket-fever/internal/db/models/migrations.go:550.2,555.13 5 1
github.com/sports-dynamics/cricket-fever/internal/db/models/migrations.go:578.2,580.23 2 1
github.com/sports-dynamics/cricket-fever/internal/db/models/migrations.go:585.2,587.16 3 1
github.com/sports-dynamics/cricket-fever/internal/db/models/migrations.go:591.2,592.16 2 1
github.com/sports-dynamics/cricket-fever/internal/db/models/migrations.go:596.2,596.13 1 1
github.com/sports-dynamics/cricket-fever/internal/db/models/migrations.go:602.2,602.49 1 1
github.com/sports-dynamics/cricket-fever/internal/db/models/migrations.go:547.56,549.3 1 0
github.com/sports-dynamics/cricket-fever/internal/db/models/migrations.go:555.13,561.29 2 1
github.com/sports-dynamics/cricket-fever/internal/db/models/migrations.go:564.3,564.19 1 1
github.com/sports-dynamics/cricket-fever/internal/db/models/migrations.go:568.3,573.17 3 1
github.com/sports-dynamics/cricket-fever/internal/db/models/migrations.go:561.29,563.4 1 1
github.com/sports-dynamics/cricket-fever/internal/db/models/migrations.go:564.19,566.4 1 0
github.com/sports-dynamics/cricket-fever/internal/db/models/migrations.go:573.17,575.4 1 0
github.com/sports-dynamics/cricket-fever/internal/db/models/migrations.go:580.23,584.3 3 0
github.com/sports-dynamics/cricket-fever/internal/db/models/migrations.go:587.16,589.3 1 0
github.com/sports-dynamics/cricket-fever/internal/db/models/migrations.go:592.16,594.3 1 0
github.com/sports-dynamics/cricket-fever/internal/db/models/migrations.go:596.13,600.3 3 1
github.com/sports-dynamics/cricket-fever/internal/db/models/migrations.go:606.80,608.2 1 0
github.com/sports-dynamics/cricket-fever/internal/db/models/migrations.go:611.106,615.16 3 0
github.com/sports-dynamics/cricket-fever/internal/db/models/migrations.go:619.2,620.16 2 0
github.com/sports-dynamics/cricket-fever/internal/db/models/migrations.go:624.2,624.21 1 0
github.com/sports-dynamics/cricket-fever/internal/db/models/migrations.go:615.16,617.3 1 0
github.com/sports-dynamics/cricket-fever/internal/db/models/migrations.go:620.16,622.3 1 0
github.com/sports-dynamics/cricket-fever/internal/db/models/migrations.go:628.80,630.2 1 0
github.com/sports-dynamics/cricket-fever/internal/db/models/migrations.go:633.106,635.13 2 1
github.com/sports-dynamics/cricket-fever/internal/db/models/migrations.go:639.2,639.20 1 1
github.com/sports-dynamics/cricket-fever/internal/db/models/migrations.go:643.2,647.32 4 1
github.com/sports-dynamics/cricket-fever/internal/db/models/migrations.go:654.2,654.24 1 1
github.com/sports-dynamics/cricket-fever/internal/db/models/migrations.go:659.2,663.23 2 1
github.com/sports-dynamics/cricket-fever/internal/db/models/migrations.go:668.2,669.16 2 1
github.com/sports-dynamics/cricket-fever/internal/db/models/migrations.go:673.2,674.16 2 1
github.com/sports-dynamics/cricket-fever/internal/db/models/migrations.go:677.2,677.21 1 1
github.com/sports-dynamics/cricket-fever/internal/db/models/migrations.go:635.13,637.3 1 0
github.com/sports-dynamics/cricket-fever/internal/db/models/migrations.go:639.20,641.3 1 0
github.com/sports-dynamics/cricket-fever/internal/db/models/migrations.go:647.32,651.3 3 1
github.com/sports-dynamics/cricket-fever/internal/db/models/migrations.go:654.24,657.3 2 1
github.com/sports-dynamics/cricket-fever/internal/db/models/migrations.go:663.23,667.3 3 0
github.com/sports-dynamics/cricket-fever/internal/db/models/migrations.go:669.16,671.3 1 0
github.com/sports-dynamics/cricket-fever/internal/db/models/migrations.go:674.16,676.3 1 0
github.com/sports-dynamics/cricket-fever/internal/db/models/migrations.go:681.148,683.2 1 0
github.com/sports-dynamics/cricket-fever/internal/db/models/migrations.go:687.174,688.14 1 1
github.com/sports-dynamics/cricket-fever/internal/db/models/migrations.go:692.2,692.57 1 1
github.com/sports-dynamics/cricket-fever/internal/db/models/migrations.go:696.2,700.22 3 1
github.com/sports-dynamics/cricket-fever/internal/db/models/migrations.go:705.2,706.36 2 1
github.com/sports-dynamics/cricket-fever/internal/db/models/migrations.go:709.2,711.39 3 1
github.com/sports-dynamics/cricket-fever/internal/db/models/migrations.go:714.2,716.39 3 1
github.com/sports-dynamics/cricket-fever/internal/db/models/migrations.go:719.2,720.31 2 1
github.com/sports-dynamics/cricket-fever/internal/db/models/migrations.go:723.2,732.13 7 1
github.com/sports-dynamics/cricket-fever/internal/db/models/migrations.go:768.2,771.32 4 1
github.com/sports-dynamics/cricket-fever/internal/db/models/migrations.go:775.2,775.23 1 1
github.com/sports-dynamics/cricket-fever/internal/db/models/migrations.go:780.2,780.32 1 1
github.com/sports-dynamics/cricket-fever/internal/db/models/migrations.go:788.2,788.16 1 1
github.com/sports-dynamics/cricket-fever/internal/db/models/migrations.go:792.2,792.13 1 1
github.com/sports-dynamics/cricket-fever/internal/db/models/migrations.go:798.2,798.40 1 1
github.com/sports-dynamics/cricket-fever/internal/db/models/migrations.go:688.14,690.3 1 0
github.com/sports-dynamics/cricket-fever/internal/db/models/migrations.go:692.57,694.3 1 0
github.com/sports-dynamics/cricket-fever/internal/db/models/migrations.go:700.22,702.3 1 1
github.com/sports-dynamics/cricket-fever/internal/db/models/migrations.go:702.8,704.3 1 1
github.com/sports-dynamics/cricket-fever/internal/db/models/migrations.go:706.36,708.3 1 0
github.com/sports-dynamics/cricket-fever/internal/db/models/migrations.go:711.39,713.3 1 0
github.com/sports-dynamics/cricket-fever/internal/db/models/migrations.go:716.39,718.3 1 0
github.com/sports-dynamics/cricket-fever/internal/db/models/migrations.go:720.31,722.3 1 1
github.com/sports-dynamics/cricket-fever/internal/db/models/migrations.go:732.13,745.43 3 1
github.com/sports-dynamics/cricket-fever/internal/db/models/migrations.go:749.3,750.25 2 1
github.com/sports-dynamics/cricket-fever/internal/db/models/migrations.go:754.3,757.17 3 1
github.com/sports-dynamics/cricket-fever/internal/db/models/migrations.go:760.3,760.20 1 1
github.com/sports-dynamics/cricket-fever/internal/db/models/migrations.go:745.43,747.4 1 0
github.com/sports-dynamics/cricket-fever/internal/db/models/migrations.go:750.25,753.4 2 1
github.com/sports-dynamics/cricket-fever/internal/db/models/migrations.go:757.17,759.4 1 0
github.com/sports-dynamics/cricket-fever/internal/db/models/migrations.go:760.20,762.18 2 0
github.com/sports-dynamics/cricket-fever/internal/db/models/migrations.go:762.18,764.5 1 0
github.com/sports-dynamics/cricket-fever/internal/db/models/migrations.go:771.32,773.3 1 0
github.com/sports-dynamics/cricket-fever/internal/db/models/migrations.go:775.23,779.3 3 0
github.com/sports-dynamics/cricket-fever/internal/db/models/migrations.go:780.32,782.36 2 0
github.com/sports-dynamics/cricket-fever/internal/db/models/migrations.go:782.36,784.4 1 0
github.com/sports-dynamics/cricket-fever/internal/db/models/migrations.go:785.8,787.3 1 1
github.com/sports-dynamics/cricket-fever/internal/db/models/migrations.go:788.16,790.3 1 0
github.com/sports-dynamics/cricket-fever/internal/db/models/migrations.go:792.13,796.3 3 1
github.com/sports-dynamics/cricket-fever/internal/db/models/migrations.go:803.65,805.2 1 0
github.com/sports-dynamics/cricket-fever/internal/db/models/migrations.go:809.91,810.14 1 1
github.com/sports-dynamics/cricket-fever/internal/db/models/migrations.go:814.2,814.57 1 1
github.com/sports-dynamics/cricket-fever/internal/db/models/migrations.go:818.2,821.23 3 1
github.com/sports-dynamics/cricket-fever/internal/db/models/migrations.go:826.2,827.16 2 1
github.com/sports-dynamics/cricket-fever/internal/db/models/migrations.go:831.2,832.16 2 1
github.com/sports-dynamics/cricket-fever/internal/db/models/migrations.go:836.2,836.56 1 1
github.com/sports-dynamics/cricket-fever/internal/db/models/migrations.go:840.2,840.21 1 1
github.com/sports-dynamics/cricket-fever/internal/db/models/migrations.go:810.14,812.3 1 0
github.com/sports-dynamics/cricket-fever/internal/db/models/migrations.go:814.57,816.3 1 0
github.com/sports-dynamics/cricket-fever/internal/db/models/migrations.go:821.23,825.3 3 0
github.com/sports-dynamics/cricket-fever/internal/db/models/migrations.go:827.16,829.3 1 0
github.com/sports-dynamics/cricket-fever/internal/db/models/migrations.go:832.16,834.3 1 0
github.com/sports-dynamics/cricket-fever/internal/db/models/migrations.go:836.56,838.3 1 0
github.com/sports-dynamics/cricket-fever/internal/db/models/migrations.go:843.72,845.2 1 0
github.com/sports-dynamics/cricket-fever/internal/db/models/migrations.go:848.98,849.20 1 1
github.com/sports-dynamics/cricket-fever/internal/db/models/migrations.go:853.2,856.16 3 1
github.com/sports-dynamics/cricket-fever/internal/db/models/migrations.go:860.2,861.16 2 1
github.com/sports-dynamics/cricket-fever/internal/db/models/migrations.go:865.2,865.21 1 1
github.com/sports-dynamics/cricket-fever/internal/db/models/migrations.go:849.20,851.3 1 0
github.com/sports-dynamics/cricket-fever/internal/db/models/migrations.go:856.16,858.3 1 0
github.com/sports-dynamics/cricket-fever/internal/db/models/migrations.go:861.16,863.3 1 0
github.com/sports-dynamics/cricket-fever/internal/db/models/migrations.go:869.72,871.2 1 0
github.com/sports-dynamics/cricket-fever/internal/db/models/migrations.go:874.98,875.17 1 1
github.com/sports-dynamics/cricket-fever/internal/db/models/migrations.go:879.2,879.42 1 1
github.com/sports-dynamics/cricket-fever/internal/db/models/migrations.go:887.2,888.24 2 1
github.com/sports-dynamics/cricket-fever/internal/db/models/migrations.go:893.2,896.23 2 1
github.com/sports-dynamics/cricket-fever/internal/db/models/migrations.go:901.2,902.16 2 1
github.com/sports-dynamics/cricket-fever/internal/db/models/migrations.go:906.2,907.16 2 1
github.com/sports-dynamics/cricket-fever/internal/db/models/migrations.go:911.2,911.41 1 1
github.com/sports-dynamics/cricket-fever/internal/db/models/migrations.go:919.2,919.21 1 1
github.com/sports-dynamics/cricket-fever/internal/db/models/migrations.go:875.17,877.3 1 0
github.com/sports-dynamics/cricket-fever/internal/db/models/migrations.go:879.42,880.25 1 0
github.com/sports-dynamics/cricket-fever/internal/db/models/migrations.go:880.25,881.61 1 0
github.com/sports-dynamics/cricket-fever/internal/db/models/migrations.go:881.61,883.5 1 0
github.com/sports-dynamics/cricket-fever/internal/db/models/migrations.go:888.24,891.3 2 1
github.com/sports-dynamics/cricket-fever/internal/db/models/migrations.go:896.23,900.3 3 0
github.com/sports-dynamics/cricket-fever/internal/db/models/migrations.go:902.16,904.3 1 0
github.com/sports-dynamics/cricket-fever/internal/db/models/migrations.go:907.16,909.3 1 0
github.com/sports-dynamics/cricket-fever/internal/db/models/migrations.go:911.41,912.25 1 0
github.com/sports-dynamics/cricket-fever/internal/db/models/migrations.go:912.25,913.60 1 0
github.com/sports-dynamics/cricket-fever/internal/db/models/migrations.go:913.60,915.5 1 0
github.com/sports-dynamics/cricket-fever/internal/db/models/migrations.go:923.56,924.14 1 0
github.com/sports-dynamics/cricket-fever/internal/db/models/migrations.go:928.2,928.43 1 0
github.com/sports-dynamics/cricket-fever/internal/db/models/migrations.go:924.14,926.3 1 0
github.com/sports-dynamics/cricket-fever/internal/db/models/migrations.go:933.82,935.16 2 1
github.com/sports-dynamics/cricket-fever/internal/db/models/migrations.go:939.2,940.12 2 1
github.com/sports-dynamics/cricket-fever/internal/db/models/migrations.go:935.16,937.3 1 0
github.com/sports-dynamics/cricket-fever/internal/db/models/migrations.go:945.64,946.14 1 0
github.com/sports-dynamics/cricket-fever/internal/db/models/migrations.go:950.2,950.46 1 0
github.com/sports-dynamics/cricket-fever/internal/db/models/migrations.go:946.14,948.3 1 0
github.com/sports-dynamics/cricket-fever/internal/db/models/migrations.go:955.90,956.30 1 1
github.com/sports-dynamics/cricket-fever/internal/db/models/migrations.go:960.2,962.25 3 1
github.com/sports-dynamics/cricket-fever/internal/db/models/migrations.go:967.2,973.16 4 1
github.com/sports-dynamics/cricket-fever/internal/db/models/migrations.go:977.2,979.12 2 1
github.com/sports-dynamics/cricket-fever/internal/db/models/migrations.go:956.30,958.3 1 0
github.com/sports-dynamics/cricket-fever/internal/db/models/migrations.go:962.25,965.3 2 1
github.com/sports-dynamics/cricket-fever/internal/db/models/migrations.go:973.16,975.3 1 0
github.com/sports-dynamics/cricket-fever/internal/db/models/migrations.go:983.69,985.2 1 0
github.com/sports-dynamics/cricket-fever/internal/db/models/migrations.go:988.95,992.23 3 1
github.com/sports-dynamics/cricket-fever/internal/db/models/migrations.go:997.2,1000.16 3 1
github.com/sports-dynamics/cricket-fever/internal/db/models/migrations.go:1004.2,1004.20 1 1
github.com/sports-dynamics/cricket-fever/internal/db/models/migrations.go:992.23,996.3 3 0
github.com/sports-dynamics/cricket-fever/internal/db/models/migrations.go:1000.16,1002.3 1 0
github.com/sports-dynamics/cricket-fever/internal/db/models/migrations.go:1008.90,1010.2 1 0
