mode: set
github.com/sports-dynamics/cricket-fever/internal/handlers/heartbeat.go:11.63,12.32 1 1
github.com/sports-dynamics/cricket-fever/internal/handlers/heartbeat.go:16.2,17.75 2 1
github.com/sports-dynamics/cricket-fever/internal/handlers/heartbeat.go:12.32,15.3 2 1
github.com/sports-dynamics/cricket-fever/internal/handlers/heartbeat.go:17.75,19.3 1 0
github.com/sports-dynamics/cricket-fever/internal/handlers/response.go:12.99,14.60 2 1
github.com/sports-dynamics/cricket-fever/internal/handlers/response.go:14.60,16.3 1 0
github.com/sports-dynamics/cricket-fever/internal/handlers/errors.go:27.102,30.31 3 1
github.com/sports-dynamics/cricket-fever/internal/handlers/errors.go:40.2,41.63 2 1
github.com/sports-dynamics/cricket-fever/internal/handlers/errors.go:30.31,35.3 4 1
github.com/sports-dynamics/cricket-fever/internal/handlers/errors.go:35.8,39.3 2 1
github.com/sports-dynamics/cricket-fever/internal/handlers/errors.go:41.63,43.3 1 0
github.com/sports-dynamics/cricket-fever/internal/handlers/errors.go:46.57,48.33 2 1
github.com/sports-dynamics/cricket-fever/internal/handlers/errors.go:61.2,61.16 1 1
github.com/sports-dynamics/cricket-fever/internal/handlers/errors.go:48.33,51.32 3 1
github.com/sports-dynamics/cricket-fever/internal/handlers/errors.go:59.3,59.36 1 1
github.com/sports-dynamics/cricket-fever/internal/handlers/errors.go:51.32,55.4 3 0
github.com/sports-dynamics/cricket-fever/internal/handlers/errors.go:55.9,58.4 2 1
github.com/sports-dynamics/cricket-fever/internal/handlers/errors.go:64.60,66.31 2 1
github.com/sports-dynamics/cricket-fever/internal/handlers/errors.go:72.2,72.21 1 1
github.com/sports-dynamics/cricket-fever/internal/handlers/errors.go:66.31,67.72 1 1
github.com/sports-dynamics/cricket-fever/internal/handlers/errors.go:67.72,69.4 1 0
github.com/sports-dynamics/cricket-fever/internal/validation/app_error.go:32.67,34.2 1 1
github.com/sports-dynamics/cricket-fever/internal/validation/app_error.go:36.44,38.2 1 1
github.com/sports-dynamics/cricket-fever/internal/validation/app_error.go:40.51,42.2 1 1
github.com/sports-dynamics/cricket-fever/internal/validation/app_error.go:44.56,46.2 1 0
github.com/sports-dynamics/cricket-fever/internal/validation/app_error.go:54.42,56.2 1 1
github.com/sports-dynamics/cricket-fever/internal/validation/app_error.go:58.40,60.2 1 1
github.com/sports-dynamics/cricket-fever/internal/validation/app_error.go:62.41,64.2 1 1
github.com/sports-dynamics/cricket-fever/internal/validation/app_error.go:66.39,68.2 1 1
github.com/sports-dynamics/cricket-fever/internal/validation/app_error.go:70.38,72.2 1 1
github.com/sports-dynamics/cricket-fever/internal/validation/mulit_error.go:16.40,18.2 1 1
github.com/sports-dynamics/cricket-fever/internal/validation/mulit_error.go:20.38,22.2 1 1
github.com/sports-dynamics/cricket-fever/internal/validation/mulit_error.go:24.38,26.2 1 1
github.com/sports-dynamics/cricket-fever/internal/validation/mulit_error.go:28.39,30.2 1 1
github.com/sports-dynamics/cricket-fever/internal/validation/mulit_error.go:32.37,34.2 1 1
github.com/sports-dynamics/cricket-fever/internal/validation/mulit_error.go:36.36,38.31 2 1
github.com/sports-dynamics/cricket-fever/internal/validation/mulit_error.go:41.2,43.23 2 1
github.com/sports-dynamics/cricket-fever/internal/validation/mulit_error.go:47.2,47.18 1 1
github.com/sports-dynamics/cricket-fever/internal/validation/mulit_error.go:38.31,40.3 1 1
github.com/sports-dynamics/cricket-fever/internal/validation/mulit_error.go:43.23,45.3 1 1
github.com/sports-dynamics/cricket-fever/internal/players/player_delete_handler.go:17.66,20.2 1 0
github.com/sports-dynamics/cricket-fever/internal/players/player_delete_handler.go:22.73,25.16 2 0
github.com/sports-dynamics/cricket-fever/internal/players/player_delete_handler.go:30.2,32.16 2 0
github.com/sports-dynamics/cricket-fever/internal/players/player_delete_handler.go:38.2,38.66 1 0
github.com/sports-dynamics/cricket-fever/internal/players/player_delete_handler.go:25.16,28.3 2 0
github.com/sports-dynamics/cricket-fever/internal/players/player_delete_handler.go:32.16,36.3 3 0
github.com/sports-dynamics/cricket-fever/internal/players/player_get_handler.go:17.63,20.2 1 0
github.com/sports-dynamics/cricket-fever/internal/players/player_get_handler.go:22.70,24.16 2 0
github.com/sports-dynamics/cricket-fever/internal/players/player_get_handler.go:29.2,31.16 2 0
github.com/sports-dynamics/cricket-fever/internal/players/player_get_handler.go:37.2,37.66 1 0
github.com/sports-dynamics/cricket-fever/internal/players/player_get_handler.go:24.16,27.3 2 0
github.com/sports-dynamics/cricket-fever/internal/players/player_get_handler.go:31.16,35.3 3 0
github.com/sports-dynamics/cricket-fever/internal/players/player_update_handler.go:17.66,20.2 1 0
github.com/sports-dynamics/cricket-fever/internal/players/player_update_handler.go:22.73,26.49 3 0
github.com/sports-dynamics/cricket-fever/internal/players/player_update_handler.go:30.2,32.43 2 0
github.com/sports-dynamics/cricket-fever/internal/players/player_update_handler.go:37.2,39.16 2 0
github.com/sports-dynamics/cricket-fever/internal/players/player_update_handler.go:45.2,45.71 1 0
github.com/sports-dynamics/cricket-fever/internal/players/player_update_handler.go:26.49,29.3 2 0
github.com/sports-dynamics/cricket-fever/internal/players/player_update_handler.go:32.43,35.3 2 0
github.com/sports-dynamics/cricket-fever/internal/players/player_update_handler.go:39.16,43.3 3 0
github.com/sports-dynamics/cricket-fever/internal/players/repo.go:24.43,26.2 1 0
github.com/sports-dynamics/cricket-fever/internal/players/repo.go:28.101,43.83 3 0
github.com/sports-dynamics/cricket-fever/internal/players/repo.go:48.2,50.23 2 0
github.com/sports-dynamics/cricket-fever/internal/players/repo.go:43.83,46.3 2 0
github.com/sports-dynamics/cricket-fever/internal/players/repo.go:53.86,58.16 3 0
github.com/sports-dynamics/cricket-fever/internal/players/repo.go:63.2,63.20 1 0
github.com/sports-dynamics/cricket-fever/internal/players/repo.go:58.16,61.3 2 0
github.com/sports-dynamics/cricket-fever/internal/players/repo.go:66.101,73.2 3 0
github.com/sports-dynamics/cricket-fever/internal/players/repo.go:75.89,82.2 3 0
github.com/sports-dynamics/cricket-fever/internal/players/service.go:20.54,22.2 1 0
github.com/sports-dynamics/cricket-fever/internal/players/service.go:24.106,27.16 2 0
github.com/sports-dynamics/cricket-fever/internal/players/service.go:31.2,31.23 1 0
github.com/sports-dynamics/cricket-fever/internal/players/service.go:27.16,29.3 1 0
github.com/sports-dynamics/cricket-fever/internal/players/service.go:34.96,38.16 2 0
github.com/sports-dynamics/cricket-fever/internal/players/service.go:42.2,42.21 1 0
github.com/sports-dynamics/cricket-fever/internal/players/service.go:38.16,40.3 1 0
github.com/sports-dynamics/cricket-fever/internal/players/service.go:46.106,49.16 2 0
github.com/sports-dynamics/cricket-fever/internal/players/service.go:53.2,53.21 1 0
github.com/sports-dynamics/cricket-fever/internal/players/service.go:49.16,51.3 1 0
github.com/sports-dynamics/cricket-fever/internal/players/service.go:57.99,61.16 2 0
github.com/sports-dynamics/cricket-fever/internal/players/service.go:65.2,65.21 1 0
github.com/sports-dynamics/cricket-fever/internal/players/service.go:61.16,63.3 1 0
github.com/sports-dynamics/cricket-fever/internal/players/stubs.go:18.107,19.24 1 1
github.com/sports-dynamics/cricket-fever/internal/players/stubs.go:22.2,22.45 1 0
github.com/sports-dynamics/cricket-fever/internal/players/stubs.go:19.24,21.3 1 1
github.com/sports-dynamics/cricket-fever/internal/players/stubs.go:25.97,26.22 1 0
github.com/sports-dynamics/cricket-fever/internal/players/stubs.go:29.2,29.45 1 0
github.com/sports-dynamics/cricket-fever/internal/players/stubs.go:26.22,28.3 1 0
github.com/sports-dynamics/cricket-fever/internal/players/stubs.go:31.107,32.25 1 0
github.com/sports-dynamics/cricket-fever/internal/players/stubs.go:35.2,35.45 1 0
github.com/sports-dynamics/cricket-fever/internal/players/stubs.go:32.25,34.3 1 0
github.com/sports-dynamics/cricket-fever/internal/players/stubs.go:38.100,39.25 1 0
github.com/sports-dynamics/cricket-fever/internal/players/stubs.go:42.2,42.45 1 0
github.com/sports-dynamics/cricket-fever/internal/players/stubs.go:39.25,41.3 1 0
github.com/sports-dynamics/cricket-fever/internal/players/models.go:11.48,13.2 1 1
github.com/sports-dynamics/cricket-fever/internal/players/player_create_handler.go:18.66,21.2 1 1
github.com/sports-dynamics/cricket-fever/internal/players/player_create_handler.go:26.73,30.49 3 1
github.com/sports-dynamics/cricket-fever/internal/players/player_create_handler.go:34.2,38.43 3 1
github.com/sports-dynamics/cricket-fever/internal/players/player_create_handler.go:43.2,45.16 2 1
github.com/sports-dynamics/cricket-fever/internal/players/player_create_handler.go:51.2,51.71 1 1
github.com/sports-dynamics/cricket-fever/internal/players/player_create_handler.go:30.49,33.3 2 0
github.com/sports-dynamics/cricket-fever/internal/players/player_create_handler.go:38.43,41.3 2 0
github.com/sports-dynamics/cricket-fever/internal/players/player_create_handler.go:45.16,49.3 3 0
github.com/sports-dynamics/cricket-fever/internal/middleware/auth.go:18.75,19.46 1 1
github.com/sports-dynamics/cricket-fever/internal/middleware/auth.go:19.46,20.72 1 1
github.com/sports-dynamics/cricket-fever/internal/middleware/auth.go:20.72,22.72 2 1
github.com/sports-dynamics/cricket-fever/internal/middleware/auth.go:28.4,34.103 3 1
github.com/sports-dynamics/cricket-fever/internal/middleware/auth.go:22.72,25.5 2 1
github.com/sports-dynamics/cricket-fever/internal/middleware/auth.go:39.62,40.24 1 1
github.com/sports-dynamics/cricket-fever/internal/middleware/auth.go:43.2,43.31 1 1
github.com/sports-dynamics/cricket-fever/internal/middleware/auth.go:47.2,47.12 1 1
github.com/sports-dynamics/cricket-fever/internal/middleware/auth.go:40.24,42.3 1 1
github.com/sports-dynamics/cricket-fever/internal/middleware/auth.go:43.31,45.3 1 1
